17/03/2020 16:11:20 PM => Environment values............
17/03/2020 16:11:20 PM => >>>>>>>>>>>>>>>>>>>>>>>>>>>>>>>>>>>>>>>>>>>>>>>>>>
17/03/2020 16:11:20 PM => Application on which executed : YBL
17/03/2020 16:11:20 PM => Type of testing : REGRESSION
17/03/2020 16:11:20 PM => Test environment on which application executed : 
17/03/2020 16:11:20 PM => URL : null
17/03/2020 16:11:20 PM => Driver Settings...>>>>>>>>>>>>>>>>>>>>>>>>>>>>>>>>>
17/03/2020 16:11:20 PM => STARTFROMHOMEPAGE <null> : NO
17/03/2020 16:11:20 PM => CLEARCOOKIEFOREACHTEST: NO
17/03/2020 16:11:20 PM => JAVASCRIPTTIMEOUT: 60
17/03/2020 16:11:20 PM => VERIFYJAVASCRIPTERRORS: YES
17/03/2020 16:11:20 PM => ALERTAUTOACCEPT: NO
17/03/2020 16:11:20 PM => Environment file location : C:\iprogrammerAutomation/Config/Env.xml
17/03/2020 16:11:20 PM => Executed on browser : null
17/03/2020 16:11:20 PM => Repository location : C:\iprogrammerAutomation/Repository/YBL_OR.xls
17/03/2020 16:11:20 PM => Suite file name and location : C:\iprogrammerAutomation/Suites/YBL_REGRESSION_Suite.xls
17/03/2020 16:11:20 PM => Test execution report file : C:\iprogrammerAutomation/Reports/17-03-2020_16-11-20-PM_REGRESSION/YBL_TA_Report_null_17-03-2020_16-11-20-PM.xls
17/03/2020 16:11:20 PM => Test execution log file : C:\iprogrammerAutomation/Log/Log_17-03-2020_16-11-20-PM.log
17/03/2020 16:11:20 PM => >>>>>>>>>>>>>>>>>>>>>>>>>>>>>>>>>>>>>>>>>>>>>>>>>>
17/03/2020 16:11:20 PM => TEMPLORARY CURRENT EXECUTION PARAMETERS:
17/03/2020 16:11:20 PM => Templorary folder path : C:\iprogrammerAutomation/Reports/17-03-2020_16-11-20-PM_REGRESSION/Temp/
17/03/2020 16:11:20 PM => Templorary TestSuite path : C:\iprogrammerAutomation/Suites/YBL_REGRESSION_Suite.xls
17/03/2020 16:11:20 PM => Templorary TestLog path : C:\iprogrammerAutomation/Reports/17-03-2020_16-11-20-PM_REGRESSION/Temp/TestExecutionLog.txt
17/03/2020 16:11:20 PM => Screen shot location for this execution : C:\iprogrammerAutomation/Reports/17-03-2020_16-11-20-PM_REGRESSION/Temp/
17/03/2020 16:11:20 PM => >>>>>>>>>>>>>>>>>>>>>>>>>>>>>>>>>>>>>>>>>>>>>>>>>>
17/03/2020 16:11:20 PM => Start Processing OR for YBL App...
17/03/2020 16:11:20 PM => Processing OR for YBL App has been completed in row : 52
17/03/2020 16:11:20 PM => Test Execution was started...
17/03/2020 16:11:20 PM => Start processing script file : BillPayandPaymentPostpaid1
17/03/2020 16:11:20 PM => Processing to add Common Steps...
17/03/2020 16:11:20 PM => Process of add Common Steps - Completed
17/03/2020 16:11:20 PM => Launch Web Driver process...
17/03/2020 16:12:15 PM => Script path : C:\iprogrammerAutomation/Reports/17-03-2020_16-11-20-PM_REGRESSION/Temp/BillPayandPaymentPostpaid1.xls
17/03/2020 16:12:15 PM => Step ID :--------- Step_R01
17/03/2020 16:12:23 PM => Element :AM_VerifyfodaApppresent - Pass
17/03/2020 16:12:23 PM => Step ID :--------- Step_R02
17/03/2020 16:12:31 PM => Enter text into :AM_EnterMSIDNo - Pass
17/03/2020 16:12:32 PM => Step ID :--------- Step_R03
17/03/2020 16:12:33 PM => Click on :AM_clickOnSendOTP - Pass
17/03/2020 16:12:34 PM => Step ID :--------- Step_R04
17/03/2020 16:13:04 PM => Wait for elementAM_typeOTP with locator/hierarchy/android.widget.FrameLayout/android.widget.LinearLayout/android.widget.FrameLayout/android.widget.FrameLayout/android.widget.FrameLayout/android.widget.FrameLayout/android.webkit.WebView/android.webkit.WebView/android.view.View/android.view.View/android.view.View/android.view.View/android.view.View/android.view.View/android.view.View[2]/android.view.View/android.view.View[1]/android.view.View[4]/android.widget.EditText present (TimeOut) - Fail
17/03/2020 16:13:04 PM => Enter text into :AM_typeOTP - Fail
17/03/2020 16:13:07 PM => Close Webdriver Process - Completed
17/03/2020 16:13:07 PM => *******************************************************************
17/03/2020 16:13:07 PM => ***** Test script result :Fail*****
17/03/2020 16:13:07 PM => *** Test script Execution Time: 00:50.6 ***
17/03/2020 16:13:07 PM => *******************************************************************
17/03/2020 16:13:07 PM => Start processing script file : OfferPrepaid1
17/03/2020 16:13:07 PM => Processing to add Common Steps...
17/03/2020 16:13:07 PM => Process of add Common Steps - Completed
17/03/2020 16:13:07 PM => Launch Web Driver process...
17/03/2020 16:13:57 PM => Script path : C:\iprogrammerAutomation/Reports/17-03-2020_16-11-20-PM_REGRESSION/Temp/OfferPrepaid1.xls
17/03/2020 16:13:57 PM => Step ID :--------- Step_R01
17/03/2020 16:14:03 PM => Element :AM_VerifyfodaApppresent - Pass
17/03/2020 16:14:04 PM => Step ID :--------- Step_R02
17/03/2020 16:14:04 PM => Element :AM_VerifyfodaApppresent - Pass
17/03/2020 16:14:04 PM => Step ID :--------- Step_R03
17/03/2020 16:14:13 PM => Enter text into :AM_EnterMSIDNo - Pass
17/03/2020 16:14:13 PM => Step ID :--------- Step_R04
17/03/2020 16:14:14 PM => Click on :AM_clickOnSendOTP - Pass
17/03/2020 16:14:15 PM => Step ID :--------- Step_R05
17/03/2020 16:14:45 PM => Wait for elementAM_typeOTP with locator/hierarchy/android.widget.FrameLayout/android.widget.LinearLayout/android.widget.FrameLayout/android.widget.FrameLayout/android.widget.FrameLayout/android.widget.FrameLayout/android.webkit.WebView/android.webkit.WebView/android.view.View/android.view.View/android.view.View/android.view.View/android.view.View/android.view.View/android.view.View[2]/android.view.View/android.view.View[1]/android.view.View[4]/android.widget.EditText present (TimeOut) - Fail
17/03/2020 16:14:45 PM => Enter text into :AM_typeOTP - Fail
17/03/2020 16:14:47 PM => Close Webdriver Process - Completed
17/03/2020 16:14:47 PM => *******************************************************************
17/03/2020 16:14:47 PM => ***** Test script result :Fail*****
17/03/2020 16:14:47 PM => *** Test script Execution Time: 00:49.1 ***
17/03/2020 16:14:47 PM => *******************************************************************
17/03/2020 16:14:47 PM => Start processing script file : OfferPrepaid2
17/03/2020 16:14:47 PM => Processing to add Common Steps...
17/03/2020 16:14:48 PM => Process of add Common Steps - Completed
17/03/2020 16:14:48 PM => Launch Web Driver process...
17/03/2020 16:15:36 PM => Script path : C:\iprogrammerAutomation/Reports/17-03-2020_16-11-20-PM_REGRESSION/Temp/OfferPrepaid2.xls
17/03/2020 16:15:36 PM => Step ID :--------- Step_R01
17/03/2020 16:15:42 PM => Element :AM_VerifyfodaApppresent - Pass
17/03/2020 16:15:42 PM => Step ID :--------- Step_R02
17/03/2020 16:15:43 PM => Element :AM_VerifyfodaApppresent - Pass
17/03/2020 16:15:43 PM => Step ID :--------- Step_R03
17/03/2020 16:15:52 PM => Enter text into :AM_EnterMSIDNo - Pass
17/03/2020 16:15:52 PM => Step ID :--------- Step_R04
17/03/2020 16:15:53 PM => Click on :AM_clickOnSendOTP - Pass
17/03/2020 16:15:54 PM => Step ID :--------- Step_R05
17/03/2020 16:16:24 PM => Wait for elementAM_typeOTP with locator/hierarchy/android.widget.FrameLayout/android.widget.LinearLayout/android.widget.FrameLayout/android.widget.FrameLayout/android.widget.FrameLayout/android.widget.FrameLayout/android.webkit.WebView/android.webkit.WebView/android.view.View/android.view.View/android.view.View/android.view.View/android.view.View/android.view.View/android.view.View[2]/android.view.View/android.view.View[1]/android.view.View[4]/android.widget.EditText present (TimeOut) - Fail
17/03/2020 16:16:24 PM => Enter text into :AM_typeOTP - Fail
17/03/2020 16:16:27 PM => Close Webdriver Process - Completed
17/03/2020 16:16:27 PM => *******************************************************************
17/03/2020 16:16:27 PM => ***** Test script result :Fail*****
17/03/2020 16:16:27 PM => *** Test script Execution Time: 00:49.7 ***
17/03/2020 16:16:27 PM => *******************************************************************
17/03/2020 16:16:27 PM => Processing Suite file was completed in row:91
17/03/2020 16:16:27 PM => ==================================
17/03/2020 16:16:27 PM => Total Statistics: 
17/03/2020 16:16:27 PM => Total Tests Run : 3
17/03/2020 16:16:27 PM => Tests PASSED : 0
17/03/2020 16:16:27 PM => Tests FAILED : 3
17/03/2020 16:16:27 PM => JavaScript Errors : 0
17/03/2020 16:16:27 PM => ==================================
17/03/2020 16:16:27 PM => ***TEST RUN FAILED***
17/03/2020 16:16:27 PM => ***********Execution Completed Successfully**********
