20/03/2020 16:49:39 PM => Environment values............
20/03/2020 16:49:39 PM => >>>>>>>>>>>>>>>>>>>>>>>>>>>>>>>>>>>>>>>>>>>>>>>>>>
20/03/2020 16:49:39 PM => Application on which executed : YBL
20/03/2020 16:49:39 PM => Type of testing : REGRESSION
20/03/2020 16:49:39 PM => Test environment on which application executed : 
20/03/2020 16:49:39 PM => URL : null
20/03/2020 16:49:39 PM => Driver Settings...>>>>>>>>>>>>>>>>>>>>>>>>>>>>>>>>>
20/03/2020 16:49:39 PM => STARTFROMHOMEPAGE <null> : NO
20/03/2020 16:49:39 PM => CLEARCOOKIEFOREACHTEST: NO
20/03/2020 16:49:39 PM => JAVASCRIPTTIMEOUT: 60
20/03/2020 16:49:39 PM => VERIFYJAVASCRIPTERRORS: YES
20/03/2020 16:49:39 PM => ALERTAUTOACCEPT: NO
20/03/2020 16:49:39 PM => Environment file location : C:\iprogrammerAutomation/Config/Env.xml
20/03/2020 16:49:39 PM => Executed on browser : null
20/03/2020 16:49:39 PM => Repository location : C:\iprogrammerAutomation/Repository/YBL_OR.xls
20/03/2020 16:49:39 PM => Suite file name and location : C:\iprogrammerAutomation/Suites/YBL_REGRESSION_Suite.xls
20/03/2020 16:49:39 PM => Test execution report file : C:\iprogrammerAutomation/Reports/20-03-2020_16-49-39-PM_REGRESSION/YBL_TA_Report_null_20-03-2020_16-49-39-PM.xls
20/03/2020 16:49:39 PM => Test execution log file : C:\iprogrammerAutomation/Log/Log_20-03-2020_16-49-39-PM.log
20/03/2020 16:49:39 PM => >>>>>>>>>>>>>>>>>>>>>>>>>>>>>>>>>>>>>>>>>>>>>>>>>>
20/03/2020 16:49:39 PM => TEMPLORARY CURRENT EXECUTION PARAMETERS:
20/03/2020 16:49:39 PM => Templorary folder path : C:\iprogrammerAutomation/Reports/20-03-2020_16-49-39-PM_REGRESSION/Temp/
20/03/2020 16:49:39 PM => Templorary TestSuite path : C:\iprogrammerAutomation/Suites/YBL_REGRESSION_Suite.xls
20/03/2020 16:49:39 PM => Templorary TestLog path : C:\iprogrammerAutomation/Reports/20-03-2020_16-49-39-PM_REGRESSION/Temp/TestExecutionLog.txt
20/03/2020 16:49:39 PM => Screen shot location for this execution : C:\iprogrammerAutomation/Reports/20-03-2020_16-49-39-PM_REGRESSION/Temp/
20/03/2020 16:49:39 PM => >>>>>>>>>>>>>>>>>>>>>>>>>>>>>>>>>>>>>>>>>>>>>>>>>>
20/03/2020 16:49:39 PM => Environment values............
20/03/2020 16:49:39 PM => >>>>>>>>>>>>>>>>>>>>>>>>>>>>>>>>>>>>>>>>>>>>>>>>>>
20/03/2020 16:49:39 PM => Application on which executed : YBL
20/03/2020 16:49:39 PM => Type of testing : REGRESSION
20/03/2020 16:49:39 PM => Test environment on which application executed : 
20/03/2020 16:49:39 PM => URL : null
20/03/2020 16:49:39 PM => Driver Settings...>>>>>>>>>>>>>>>>>>>>>>>>>>>>>>>>>
20/03/2020 16:49:39 PM => STARTFROMHOMEPAGE <null> : NO
20/03/2020 16:49:39 PM => CLEARCOOKIEFOREACHTEST: NO
20/03/2020 16:49:39 PM => JAVASCRIPTTIMEOUT: 60
20/03/2020 16:49:39 PM => VERIFYJAVASCRIPTERRORS: YES
20/03/2020 16:49:39 PM => ALERTAUTOACCEPT: NO
20/03/2020 16:49:39 PM => Environment file location : C:\iprogrammerAutomation/Config/Env.xml
20/03/2020 16:49:39 PM => Executed on browser : null
20/03/2020 16:49:39 PM => Repository location : C:\iprogrammerAutomation/Repository/YBL_OR.xls
20/03/2020 16:49:39 PM => Suite file name and location : C:\iprogrammerAutomation/Suites/YBL_REGRESSION_Suite.xls
20/03/2020 16:49:39 PM => Test execution report file : C:\iprogrammerAutomation/Reports/20-03-2020_16-49-39-PM_REGRESSION/YBL_TA_Report_null_20-03-2020_16-49-39-PM.xls
20/03/2020 16:49:39 PM => Test execution log file : C:\iprogrammerAutomation/Log/Log_20-03-2020_16-49-39-PM.log
20/03/2020 16:49:39 PM => >>>>>>>>>>>>>>>>>>>>>>>>>>>>>>>>>>>>>>>>>>>>>>>>>>
20/03/2020 16:49:39 PM => TEMPLORARY CURRENT EXECUTION PARAMETERS:
20/03/2020 16:49:39 PM => Templorary folder path : C:\iprogrammerAutomation/Reports/20-03-2020_16-49-39-PM_REGRESSION/Temp/
20/03/2020 16:49:39 PM => Templorary TestSuite path : C:\iprogrammerAutomation/Suites/YBL_REGRESSION_Suite.xls
20/03/2020 16:49:39 PM => Templorary TestLog path : C:\iprogrammerAutomation/Reports/20-03-2020_16-49-39-PM_REGRESSION/Temp/TestExecutionLog.txt
20/03/2020 16:49:39 PM => Screen shot location for this execution : C:\iprogrammerAutomation/Reports/20-03-2020_16-49-39-PM_REGRESSION/Temp/
20/03/2020 16:49:39 PM => >>>>>>>>>>>>>>>>>>>>>>>>>>>>>>>>>>>>>>>>>>>>>>>>>>
20/03/2020 16:49:40 PM => Start Processing OR for YBL App...
20/03/2020 16:49:40 PM => Processing OR for YBL App has been completed in row : 56
20/03/2020 16:49:40 PM => Test Execution was started...
20/03/2020 16:49:40 PM => Start processing script file : OfferPrepaid1
20/03/2020 16:49:40 PM => Processing to add Common Steps...
20/03/2020 16:49:40 PM => Process of add Common Steps - Completed
20/03/2020 16:49:40 PM => Launch Web Driver process...
20/03/2020 16:50:16 PM => Script path : C:\iprogrammerAutomation/Reports/20-03-2020_16-49-39-PM_REGRESSION/Temp/OfferPrepaid1.xls
20/03/2020 16:50:17 PM => Step ID :--------- Step_R01
20/03/2020 16:50:30 PM => Element :AM_VerifyfodaApppresent - Pass
20/03/2020 16:50:31 PM => Step ID :--------- Step_R02
20/03/2020 16:50:31 PM => Element :AM_VerifyfodaApppresent - Pass
20/03/2020 16:50:31 PM => Step ID :--------- Step_R03
20/03/2020 16:50:39 PM => Enter text into :AM_EnterMSIDNo - Pass
20/03/2020 16:50:40 PM => Step ID :--------- Step_R04
20/03/2020 16:50:41 PM => Click on :AM_clickOnSendOTP - Pass
20/03/2020 16:50:41 PM => Step ID :--------- Step_R05
20/03/2020 16:51:12 PM => Wait for elementAM_typeOTP with locator/hierarchy/android.widget.FrameLayout/android.widget.LinearLayout/android.widget.FrameLayout/android.widget.FrameLayout/android.widget.FrameLayout/android.widget.FrameLayout/android.webkit.WebView/android.webkit.WebView/android.view.View/android.view.View/android.view.View/android.view.View/android.view.View/android.view.View/android.view.View[2]/android.view.View/android.view.View[1]/android.view.View[4]/android.widget.EditText present (TimeOut) - Fail
20/03/2020 16:51:12 PM => Enter text into :AM_typeOTP - Fail
20/03/2020 16:51:16 PM => Close Webdriver Process - Completed
20/03/2020 16:51:16 PM => *******************************************************************
20/03/2020 16:51:16 PM => ***** Test script result :Fail*****
20/03/2020 16:51:16 PM => *** Test script Execution Time: 00:58.6 ***
20/03/2020 16:51:16 PM => *******************************************************************
20/03/2020 16:51:16 PM => Start processing script file : OfferPrepaid2
20/03/2020 16:51:16 PM => Processing to add Common Steps...
20/03/2020 16:51:16 PM => Process of add Common Steps - Completed
20/03/2020 16:51:16 PM => Launch Web Driver process...
20/03/2020 16:51:43 PM => Error In the processing of Script file... Unable to create a new remote session. Please check the server log for more details. Original error: An unknown server-side error occurred while processing the command. Original error: Error executing adbExec. Original error: 'Command 'C:\\Users\\AjitKumarThakur\\AppData\\Local\\Android\\Sdk\\platform-tools\\adb.exe -P 5037 -s b28e6aea shell pm install -r /data/local/tmp/appium_cache/0cc1725a60a05dbb5d0d09256f2fc6ece7e3b10f.apk' exited with code 1'; Stderr: ''; Code: '1'
Build info: version: '3.141.59', revision: 'e82be7d358', time: '2018-11-14T08:25:53'
System info: host: 'DESKTOP-7H6C2GA', ip: '127.0.0.1', os.name: 'Windows 10', os.arch: 'amd64', os.version: '10.0', java.version: '1.8.0_162'
Driver info: driver.version: AppiumDriver
remote stacktrace: UnknownError: An unknown server-side error occurred while processing the command. Original error: Error executing adbExec. Original error: 'Command 'C:\\Users\\AjitKumarThakur\\AppData\\Local\\Android\\Sdk\\platform-tools\\adb.exe -P 5037 -s b28e6aea shell pm install -r /data/local/tmp/appium_cache/0cc1725a60a05dbb5d0d09256f2fc6ece7e3b10f.apk' exited with code 1'; Stderr: ''; Code: '1'
    at getResponseForW3CError (C:\Program Files\Appium\resources\app\node_modules\appium\node_modules\appium-base-driver\lib\protocol\errors.js:804:9)
    at asyncHandler (C:\Program Files\Appium\resources\app\node_modules\appium\node_modules\appium-base-driver\lib\protocol\protocol.js:388:37)
    at process._tickCallback (internal/process/next_tick.js:68:7)
Build info: version: '3.141.59', revision: 'e82be7d358', time: '2018-11-14T08:25:53'
System info: host: 'DESKTOP-7H6C2GA', ip: '127.0.0.1', os.name: 'Windows 10', os.arch: 'amd64', os.version: '10.0', java.version: '1.8.0_162'
Driver info: driver.version: AppiumDriver
20/03/2020 16:51:43 PM => Details:org.openqa.selenium.SessionNotCreatedException: Unable to create a new remote session. Please check the server log for more details. Original error: An unknown server-side error occurred while processing the command. Original error: Error executing adbExec. Original error: 'Command 'C:\\Users\\AjitKumarThakur\\AppData\\Local\\Android\\Sdk\\platform-tools\\adb.exe -P 5037 -s b28e6aea shell pm install -r /data/local/tmp/appium_cache/0cc1725a60a05dbb5d0d09256f2fc6ece7e3b10f.apk' exited with code 1'; Stderr: ''; Code: '1'
Build info: version: '3.141.59', revision: 'e82be7d358', time: '2018-11-14T08:25:53'
System info: host: 'DESKTOP-7H6C2GA', ip: '127.0.0.1', os.name: 'Windows 10', os.arch: 'amd64', os.version: '10.0', java.version: '1.8.0_162'
Driver info: driver.version: AppiumDriver
remote stacktrace: UnknownError: An unknown server-side error occurred while processing the command. Original error: Error executing adbExec. Original error: 'Command 'C:\\Users\\AjitKumarThakur\\AppData\\Local\\Android\\Sdk\\platform-tools\\adb.exe -P 5037 -s b28e6aea shell pm install -r /data/local/tmp/appium_cache/0cc1725a60a05dbb5d0d09256f2fc6ece7e3b10f.apk' exited with code 1'; Stderr: ''; Code: '1'
    at getResponseForW3CError (C:\Program Files\Appium\resources\app\node_modules\appium\node_modules\appium-base-driver\lib\protocol\errors.js:804:9)
    at asyncHandler (C:\Program Files\Appium\resources\app\node_modules\appium\node_modules\appium-base-driver\lib\protocol\protocol.js:388:37)
    at process._tickCallback (internal/process/next_tick.js:68:7)
Build info: version: '3.141.59', revision: 'e82be7d358', time: '2018-11-14T08:25:53'
System info: host: 'DESKTOP-7H6C2GA', ip: '127.0.0.1', os.name: 'Windows 10', os.arch: 'amd64', os.version: '10.0', java.version: '1.8.0_162'
Driver info: driver.version: AppiumDriver
20/03/2020 16:51:43 PM => Details:Unable to create a new remote session. Please check the server log for more details. Original error: An unknown server-side error occurred while processing the command. Original error: Error executing adbExec. Original error: 'Command 'C:\\Users\\AjitKumarThakur\\AppData\\Local\\Android\\Sdk\\platform-tools\\adb.exe -P 5037 -s b28e6aea shell pm install -r /data/local/tmp/appium_cache/0cc1725a60a05dbb5d0d09256f2fc6ece7e3b10f.apk' exited with code 1'; Stderr: ''; Code: '1'
Build info: version: '3.141.59', revision: 'e82be7d358', time: '2018-11-14T08:25:53'
System info: host: 'DESKTOP-7H6C2GA', ip: '127.0.0.1', os.name: 'Windows 10', os.arch: 'amd64', os.version: '10.0', java.version: '1.8.0_162'
Driver info: driver.version: AppiumDriver
remote stacktrace: UnknownError: An unknown server-side error occurred while processing the command. Original error: Error executing adbExec. Original error: 'Command 'C:\\Users\\AjitKumarThakur\\AppData\\Local\\Android\\Sdk\\platform-tools\\adb.exe -P 5037 -s b28e6aea shell pm install -r /data/local/tmp/appium_cache/0cc1725a60a05dbb5d0d09256f2fc6ece7e3b10f.apk' exited with code 1'; Stderr: ''; Code: '1'
    at getResponseForW3CError (C:\Program Files\Appium\resources\app\node_modules\appium\node_modules\appium-base-driver\lib\protocol\errors.js:804:9)
    at asyncHandler (C:\Program Files\Appium\resources\app\node_modules\appium\node_modules\appium-base-driver\lib\protocol\protocol.js:388:37)
    at process._tickCallback (internal/process/next_tick.js:68:7)
Build info: version: '3.141.59', revision: 'e82be7d358', time: '2018-11-14T08:25:53'
System info: host: 'DESKTOP-7H6C2GA', ip: '127.0.0.1', os.name: 'Windows 10', os.arch: 'amd64', os.version: '10.0', java.version: '1.8.0_162'
Driver info: driver.version: AppiumDriver
20/03/2020 16:51:43 PM => driver Close Exception null
20/03/2020 16:51:43 PM => Start processing script file : OfferPrepaid3
20/03/2020 16:51:43 PM => Processing to add Common Steps...
20/03/2020 16:51:44 PM => Process of add Common Steps - Completed
20/03/2020 16:51:44 PM => Launch Web Driver process...
20/03/2020 16:52:19 PM => Script path : C:\iprogrammerAutomation/Reports/20-03-2020_16-49-39-PM_REGRESSION/Temp/OfferPrepaid3.xls
20/03/2020 16:52:19 PM => Step ID :--------- Step_R01
20/03/2020 16:52:25 PM => Element :AM_VerifyfodaApppresent - Pass
20/03/2020 16:52:26 PM => Step ID :--------- Step_R02
20/03/2020 16:52:26 PM => Element :AM_VerifyfodaApppresent - Pass
20/03/2020 16:52:26 PM => Step ID :--------- Step_R03
20/03/2020 16:52:35 PM => Enter text into :AM_EnterMSIDNo - Pass
20/03/2020 16:52:35 PM => Step ID :--------- Step_R04
20/03/2020 16:52:36 PM => Click on :AM_clickOnSendOTP - Pass
20/03/2020 16:52:37 PM => Step ID :--------- Step_R05
20/03/2020 16:53:08 PM => Wait for elementAM_typeOTP with locator/hierarchy/android.widget.FrameLayout/android.widget.LinearLayout/android.widget.FrameLayout/android.widget.FrameLayout/android.widget.FrameLayout/android.widget.FrameLayout/android.webkit.WebView/android.webkit.WebView/android.view.View/android.view.View/android.view.View/android.view.View/android.view.View/android.view.View/android.view.View[2]/android.view.View/android.view.View[1]/android.view.View[4]/android.widget.EditText present (TimeOut) - Fail
20/03/2020 16:53:08 PM => Enter text into :AM_typeOTP - Fail
20/03/2020 16:53:13 PM => Close Webdriver Process - Completed
20/03/2020 16:53:13 PM => *******************************************************************
20/03/2020 16:53:13 PM => ***** Test script result :Fail*****
20/03/2020 16:53:13 PM => *** Test script Execution Time: 00:52.4 ***
20/03/2020 16:53:13 PM => *******************************************************************
20/03/2020 16:53:13 PM => Processing Suite file was completed in row:91
20/03/2020 16:53:13 PM => ==================================
20/03/2020 16:53:13 PM => Total Statistics: 
20/03/2020 16:53:13 PM => Total Tests Run : 3
20/03/2020 16:53:13 PM => Tests PASSED : 0
20/03/2020 16:53:13 PM => Tests FAILED : 3
20/03/2020 16:53:13 PM => JavaScript Errors : 0
20/03/2020 16:53:13 PM => ==================================
20/03/2020 16:53:13 PM => ***TEST RUN FAILED***
20/03/2020 16:53:13 PM => ***********Execution Completed Successfully**********
