24/03/2020 15:16:44 PM => Environment values............
24/03/2020 15:16:44 PM => >>>>>>>>>>>>>>>>>>>>>>>>>>>>>>>>>>>>>>>>>>>>>>>>>>
24/03/2020 15:16:44 PM => Application on which executed : YBL
24/03/2020 15:16:44 PM => Type of testing : REGRESSION
24/03/2020 15:16:44 PM => Test environment on which application executed : 
24/03/2020 15:16:44 PM => URL : null
24/03/2020 15:16:44 PM => Driver Settings...>>>>>>>>>>>>>>>>>>>>>>>>>>>>>>>>>
24/03/2020 15:16:44 PM => STARTFROMHOMEPAGE <null> : NO
24/03/2020 15:16:44 PM => CLEARCOOKIEFOREACHTEST: NO
24/03/2020 15:16:44 PM => JAVASCRIPTTIMEOUT: 60
24/03/2020 15:16:44 PM => VERIFYJAVASCRIPTERRORS: YES
24/03/2020 15:16:44 PM => ALERTAUTOACCEPT: NO
24/03/2020 15:16:44 PM => Environment file location : C:\iprogrammerAutomation/Config/Env.xml
24/03/2020 15:16:44 PM => Executed on browser : null
24/03/2020 15:16:44 PM => Repository location : C:\iprogrammerAutomation/Repository/YBL_OR.xls
24/03/2020 15:16:44 PM => Suite file name and location : C:\iprogrammerAutomation/Suites/YBL_REGRESSION_Suite.xls
24/03/2020 15:16:44 PM => Test execution report file : C:\iprogrammerAutomation/Reports/24-03-2020_15-16-44-PM_REGRESSION/YBL_TA_Report_null_24-03-2020_15-16-44-PM.xls
24/03/2020 15:16:44 PM => Test execution log file : C:\iprogrammerAutomation/Log/Log_24-03-2020_15-16-44-PM.log
24/03/2020 15:16:44 PM => >>>>>>>>>>>>>>>>>>>>>>>>>>>>>>>>>>>>>>>>>>>>>>>>>>
24/03/2020 15:16:44 PM => TEMPLORARY CURRENT EXECUTION PARAMETERS:
24/03/2020 15:16:44 PM => Templorary folder path : C:\iprogrammerAutomation/Reports/24-03-2020_15-16-44-PM_REGRESSION/Temp/
24/03/2020 15:16:44 PM => Templorary TestSuite path : C:\iprogrammerAutomation/Suites/YBL_REGRESSION_Suite.xls
24/03/2020 15:16:44 PM => Templorary TestLog path : C:\iprogrammerAutomation/Reports/24-03-2020_15-16-44-PM_REGRESSION/Temp/TestExecutionLog.txt
24/03/2020 15:16:44 PM => Screen shot location for this execution : C:\iprogrammerAutomation/Reports/24-03-2020_15-16-44-PM_REGRESSION/Temp/
24/03/2020 15:16:44 PM => >>>>>>>>>>>>>>>>>>>>>>>>>>>>>>>>>>>>>>>>>>>>>>>>>>
24/03/2020 15:16:44 PM => Start Processing OR for YBL App...
24/03/2020 15:16:44 PM => Processing OR for YBL App has been completed in row : 57
24/03/2020 15:16:44 PM => Test Execution was started...
24/03/2020 15:16:44 PM => Start processing script file : ActivePlan&packsscreenPostpaid1
24/03/2020 15:16:44 PM => Processing to add Common Steps...
24/03/2020 15:16:44 PM => Process of add Common Steps - Completed
24/03/2020 15:16:44 PM => Launch Web Driver process...
24/03/2020 15:17:38 PM => Script path : C:\iprogrammerAutomation/Reports/24-03-2020_15-16-44-PM_REGRESSION/Temp/ActivePlan&packsscreenPostpaid1.xls
24/03/2020 15:17:39 PM => Step ID :--------- Step_R01
24/03/2020 15:18:10 PM => Wait for elementAM_VerifyfodaApp with locator//android.view.View[@text='Welcome!'] present (TimeOut) - Fail
24/03/2020 15:18:10 PM => Element :AM_VerifyfodaApp not found - Fail
24/03/2020 15:18:12 PM => Close Webdriver Process - Completed
24/03/2020 15:18:12 PM => *******************************************************************
24/03/2020 15:18:12 PM => ***** Test script result :Fail*****
24/03/2020 15:18:12 PM => *** Test script Execution Time: 00:32.4 ***
24/03/2020 15:18:12 PM => *******************************************************************
24/03/2020 15:18:12 PM => Start processing script file : ActivePlan&packsscreenPostpaid2
24/03/2020 15:18:12 PM => Processing to add Common Steps...
24/03/2020 15:18:13 PM => Process of add Common Steps - Completed
24/03/2020 15:18:13 PM => Launch Web Driver process...
24/03/2020 15:19:01 PM => Script path : C:\iprogrammerAutomation/Reports/24-03-2020_15-16-44-PM_REGRESSION/Temp/ActivePlan&packsscreenPostpaid2.xls
24/03/2020 15:19:01 PM => Step ID :--------- Step_R01
24/03/2020 15:19:18 PM => Element :AM_VerifyfodaApppresent - Pass
24/03/2020 15:19:18 PM => Step ID :--------- Step_R02
24/03/2020 15:19:26 PM => Enter text into :AM_EnterMSIDNo - Pass
24/03/2020 15:19:26 PM => Step ID :--------- Step_R03
24/03/2020 15:19:27 PM => Click on :AM_clickOnSendOTP - Pass
24/03/2020 15:19:28 PM => Step ID :--------- Step_R04
24/03/2020 15:19:58 PM => Wait for elementAM_typeOTP with locator/hierarchy/android.widget.FrameLayout/android.widget.LinearLayout/android.widget.FrameLayout/android.widget.FrameLayout/android.widget.FrameLayout/android.widget.FrameLayout/android.webkit.WebView/android.webkit.WebView/android.view.View/android.view.View/android.view.View/android.view.View/android.view.View/android.view.View/android.view.View[2]/android.view.View/android.view.View[1]/android.view.View[4]/android.widget.EditText present (TimeOut) - Fail
24/03/2020 15:19:58 PM => Enter text into :AM_typeOTP - Fail
24/03/2020 15:20:01 PM => Close Webdriver Process - Completed
24/03/2020 15:20:01 PM => *******************************************************************
24/03/2020 15:20:01 PM => ***** Test script result :Fail*****
24/03/2020 15:20:01 PM => *** Test script Execution Time: 00:58.7 ***
24/03/2020 15:20:01 PM => *******************************************************************
24/03/2020 15:20:01 PM => Start processing script file : ActivePlan&packsscreenPostpaid3
24/03/2020 15:20:01 PM => Processing to add Common Steps...
24/03/2020 15:20:01 PM => Process of add Common Steps - Completed
24/03/2020 15:20:01 PM => Launch Web Driver process...
24/03/2020 15:20:49 PM => Script path : C:\iprogrammerAutomation/Reports/24-03-2020_15-16-44-PM_REGRESSION/Temp/ActivePlan&packsscreenPostpaid3.xls
24/03/2020 15:20:49 PM => Step ID :--------- Step_R01
24/03/2020 15:21:21 PM => Wait for elementAM_VerifyfodaApp with locator//android.view.View[@text='Welcome!'] present (TimeOut) - Fail
24/03/2020 15:21:21 PM => Element :AM_VerifyfodaApp not found - Fail
24/03/2020 15:21:24 PM => Close Webdriver Process - Completed
24/03/2020 15:21:24 PM => *******************************************************************
24/03/2020 15:21:24 PM => ***** Test script result :Fail*****
24/03/2020 15:21:24 PM => *** Test script Execution Time: 00:33.4 ***
24/03/2020 15:21:24 PM => *******************************************************************
24/03/2020 15:21:24 PM => Processing Suite file was completed in row:111
24/03/2020 15:21:24 PM => ==================================
24/03/2020 15:21:24 PM => Total Statistics: 
24/03/2020 15:21:24 PM => Total Tests Run : 3
24/03/2020 15:21:24 PM => Tests PASSED : 0
24/03/2020 15:21:24 PM => Tests FAILED : 3
24/03/2020 15:21:24 PM => JavaScript Errors : 0
24/03/2020 15:21:24 PM => ==================================
24/03/2020 15:21:24 PM => ***TEST RUN FAILED***
24/03/2020 15:21:24 PM => ***********Execution Completed Successfully**********
