20/03/2020 16:53:27 PM => Environment values............
20/03/2020 16:53:27 PM => >>>>>>>>>>>>>>>>>>>>>>>>>>>>>>>>>>>>>>>>>>>>>>>>>>
20/03/2020 16:53:27 PM => Application on which executed : YBL
20/03/2020 16:53:27 PM => Type of testing : REGRESSION
20/03/2020 16:53:27 PM => Test environment on which application executed : 
20/03/2020 16:53:27 PM => URL : null
20/03/2020 16:53:27 PM => Driver Settings...>>>>>>>>>>>>>>>>>>>>>>>>>>>>>>>>>
20/03/2020 16:53:27 PM => STARTFROMHOMEPAGE <null> : NO
20/03/2020 16:53:27 PM => CLEARCOOKIEFOREACHTEST: NO
20/03/2020 16:53:27 PM => JAVASCRIPTTIMEOUT: 60
20/03/2020 16:53:27 PM => VERIFYJAVASCRIPTERRORS: YES
20/03/2020 16:53:27 PM => ALERTAUTOACCEPT: NO
20/03/2020 16:53:27 PM => Environment file location : C:\iprogrammerAutomation/Config/Env.xml
20/03/2020 16:53:27 PM => Executed on browser : null
20/03/2020 16:53:27 PM => Repository location : C:\iprogrammerAutomation/Repository/YBL_OR.xls
20/03/2020 16:53:27 PM => Suite file name and location : C:\iprogrammerAutomation/Suites/YBL_REGRESSION_Suite.xls
20/03/2020 16:53:27 PM => Test execution report file : C:\iprogrammerAutomation/Reports/20-03-2020_16-53-27-PM_REGRESSION/YBL_TA_Report_null_20-03-2020_16-53-27-PM.xls
20/03/2020 16:53:27 PM => Test execution log file : C:\iprogrammerAutomation/Log/Log_20-03-2020_16-53-27-PM.log
20/03/2020 16:53:27 PM => >>>>>>>>>>>>>>>>>>>>>>>>>>>>>>>>>>>>>>>>>>>>>>>>>>
20/03/2020 16:53:27 PM => TEMPLORARY CURRENT EXECUTION PARAMETERS:
20/03/2020 16:53:27 PM => Templorary folder path : C:\iprogrammerAutomation/Reports/20-03-2020_16-53-27-PM_REGRESSION/Temp/
20/03/2020 16:53:27 PM => Templorary TestSuite path : C:\iprogrammerAutomation/Suites/YBL_REGRESSION_Suite.xls
20/03/2020 16:53:27 PM => Templorary TestLog path : C:\iprogrammerAutomation/Reports/20-03-2020_16-53-27-PM_REGRESSION/Temp/TestExecutionLog.txt
20/03/2020 16:53:27 PM => Screen shot location for this execution : C:\iprogrammerAutomation/Reports/20-03-2020_16-53-27-PM_REGRESSION/Temp/
20/03/2020 16:53:27 PM => >>>>>>>>>>>>>>>>>>>>>>>>>>>>>>>>>>>>>>>>>>>>>>>>>>
20/03/2020 16:53:27 PM => Start Processing OR for YBL App...
20/03/2020 16:53:27 PM => Processing OR for YBL App has been completed in row : 56
20/03/2020 16:53:27 PM => Test Execution was started...
20/03/2020 16:53:27 PM => Start processing script file : OfferPrepaid1
20/03/2020 16:53:27 PM => Processing to add Common Steps...
20/03/2020 16:53:27 PM => Process of add Common Steps - Completed
20/03/2020 16:53:27 PM => Launch Web Driver process...
20/03/2020 16:54:02 PM => Script path : C:\iprogrammerAutomation/Reports/20-03-2020_16-53-27-PM_REGRESSION/Temp/OfferPrepaid1.xls
20/03/2020 16:54:02 PM => Step ID :--------- Step_R01
20/03/2020 16:54:07 PM => Element :AM_VerifyfodaApppresent - Pass
20/03/2020 16:54:08 PM => Step ID :--------- Step_R02
20/03/2020 16:54:08 PM => Element :AM_VerifyfodaApppresent - Pass
20/03/2020 16:54:08 PM => Step ID :--------- Step_R03
20/03/2020 16:54:17 PM => Enter text into :AM_EnterMSIDNo - Pass
20/03/2020 16:54:17 PM => Step ID :--------- Step_R04
20/03/2020 16:54:21 PM => Click on :AM_clickOnSendOTP - Pass
20/03/2020 16:54:21 PM => Step ID :--------- Step_R05
20/03/2020 16:54:30 PM => Enter text into :AM_typeOTP - Pass
20/03/2020 16:54:31 PM => Step ID :--------- Step_R06
20/03/2020 16:54:31 PM => Click on :AM_SubmitButton - Pass
20/03/2020 16:54:32 PM => Step ID :--------- Step_R07
20/03/2020 16:55:03 PM => Wait for elementAM_VoVPaya with locator//android.widget.Button[@text='Grab it'] present (TimeOut) - Fail
20/03/2020 16:55:03 PM => Element :AM_VoVPaya not found - Fail
20/03/2020 16:55:05 PM => Close Webdriver Process - Completed
20/03/2020 16:55:05 PM => *******************************************************************
20/03/2020 16:55:05 PM => ***** Test script result :Fail*****
20/03/2020 16:55:05 PM => *** Test script Execution Time: 01:2.3 ***
20/03/2020 16:55:05 PM => *******************************************************************
20/03/2020 16:55:05 PM => Start processing script file : OfferPrepaid2
20/03/2020 16:55:05 PM => Processing to add Common Steps...
20/03/2020 16:55:05 PM => Process of add Common Steps - Completed
20/03/2020 16:55:05 PM => Launch Web Driver process...
20/03/2020 16:55:43 PM => Script path : C:\iprogrammerAutomation/Reports/20-03-2020_16-53-27-PM_REGRESSION/Temp/OfferPrepaid2.xls
20/03/2020 16:55:43 PM => Step ID :--------- Step_R01
20/03/2020 16:55:51 PM => Click on :AM_MyaccountHumber - Pass
20/03/2020 16:55:52 PM => Step ID :--------- Step_R02
20/03/2020 16:55:54 PM => Element :AM_MyVoucherspresent - Pass
20/03/2020 16:55:54 PM => Step ID :--------- Step_R03
20/03/2020 16:55:55 PM => Click on :AM_MyVouchers - Pass
20/03/2020 16:55:55 PM => Step ID :--------- Step_R04
20/03/2020 16:56:26 PM => Wait for elementAM_MyVouchers with locator//android.view.View[@text='My Vouchers All cashback vouchers in one place'] present (TimeOut) - Fail
20/03/2020 16:56:26 PM => Click on :AM_MyVouchers - Fail
20/03/2020 16:56:28 PM => Close Webdriver Process - Completed
20/03/2020 16:56:28 PM => *******************************************************************
20/03/2020 16:56:28 PM => ***** Test script result :Fail*****
20/03/2020 16:56:28 PM => *** Test script Execution Time: 00:43.7 ***
20/03/2020 16:56:28 PM => *******************************************************************
20/03/2020 16:56:28 PM => Start processing script file : OfferPrepaid3
20/03/2020 16:56:28 PM => Processing to add Common Steps...
20/03/2020 16:56:28 PM => Process of add Common Steps - Completed
20/03/2020 16:56:28 PM => Launch Web Driver process...
20/03/2020 16:57:09 PM => Script path : C:\iprogrammerAutomation/Reports/20-03-2020_16-53-27-PM_REGRESSION/Temp/OfferPrepaid3.xls
20/03/2020 16:57:09 PM => Step ID :--------- Step_R01
20/03/2020 16:57:40 PM => Wait for elementAM_VerifyfodaApp with locator//android.view.View[@text='Welcome!'] present (TimeOut) - Fail
20/03/2020 16:57:40 PM => Element :AM_VerifyfodaApp not found - Fail
20/03/2020 16:57:42 PM => Close Webdriver Process - Completed
20/03/2020 16:57:42 PM => *******************************************************************
20/03/2020 16:57:42 PM => ***** Test script result :Fail*****
20/03/2020 16:57:42 PM => *** Test script Execution Time: 00:31.6 ***
20/03/2020 16:57:42 PM => *******************************************************************
20/03/2020 16:57:42 PM => Processing Suite file was completed in row:91
20/03/2020 16:57:42 PM => ==================================
20/03/2020 16:57:42 PM => Total Statistics: 
20/03/2020 16:57:42 PM => Total Tests Run : 3
20/03/2020 16:57:42 PM => Tests PASSED : 0
20/03/2020 16:57:42 PM => Tests FAILED : 3
20/03/2020 16:57:42 PM => JavaScript Errors : 0
20/03/2020 16:57:42 PM => ==================================
20/03/2020 16:57:42 PM => ***TEST RUN FAILED***
20/03/2020 16:57:42 PM => ***********Execution Completed Successfully**********
