26/03/2020 13:59:18 PM => Environment values............
26/03/2020 13:59:18 PM => >>>>>>>>>>>>>>>>>>>>>>>>>>>>>>>>>>>>>>>>>>>>>>>>>>
26/03/2020 13:59:18 PM => Application on which executed : YBL
26/03/2020 13:59:18 PM => Type of testing : REGRESSION
26/03/2020 13:59:18 PM => Test environment on which application executed : 
26/03/2020 13:59:18 PM => URL : null
26/03/2020 13:59:18 PM => Driver Settings...>>>>>>>>>>>>>>>>>>>>>>>>>>>>>>>>>
26/03/2020 13:59:18 PM => STARTFROMHOMEPAGE <null> : NO
26/03/2020 13:59:18 PM => CLEARCOOKIEFOREACHTEST: NO
26/03/2020 13:59:18 PM => JAVASCRIPTTIMEOUT: 60
26/03/2020 13:59:18 PM => VERIFYJAVASCRIPTERRORS: YES
26/03/2020 13:59:18 PM => ALERTAUTOACCEPT: NO
26/03/2020 13:59:18 PM => Environment file location : C:\iprogrammerAutomation/Config/Env.xml
26/03/2020 13:59:18 PM => Executed on browser : null
26/03/2020 13:59:18 PM => Repository location : C:\iprogrammerAutomation/Repository/YBL_OR.xls
26/03/2020 13:59:18 PM => Suite file name and location : C:\iprogrammerAutomation/Suites/YBL_REGRESSION_Suite.xls
26/03/2020 13:59:18 PM => Test execution report file : C:\iprogrammerAutomation/Reports/26-03-2020_13-59-18-PM_REGRESSION/YBL_TA_Report_null_26-03-2020_13-59-18-PM.xls
26/03/2020 13:59:18 PM => Test execution log file : C:\iprogrammerAutomation/Log/Log_26-03-2020_13-59-18-PM.log
26/03/2020 13:59:18 PM => >>>>>>>>>>>>>>>>>>>>>>>>>>>>>>>>>>>>>>>>>>>>>>>>>>
26/03/2020 13:59:18 PM => TEMPLORARY CURRENT EXECUTION PARAMETERS:
26/03/2020 13:59:18 PM => Templorary folder path : C:\iprogrammerAutomation/Reports/26-03-2020_13-59-18-PM_REGRESSION/Temp/
26/03/2020 13:59:18 PM => Templorary TestSuite path : C:\iprogrammerAutomation/Suites/YBL_REGRESSION_Suite.xls
26/03/2020 13:59:18 PM => Templorary TestLog path : C:\iprogrammerAutomation/Reports/26-03-2020_13-59-18-PM_REGRESSION/Temp/TestExecutionLog.txt
26/03/2020 13:59:18 PM => Screen shot location for this execution : C:\iprogrammerAutomation/Reports/26-03-2020_13-59-18-PM_REGRESSION/Temp/
26/03/2020 13:59:18 PM => >>>>>>>>>>>>>>>>>>>>>>>>>>>>>>>>>>>>>>>>>>>>>>>>>>
26/03/2020 13:59:18 PM => Environment values............
26/03/2020 13:59:18 PM => >>>>>>>>>>>>>>>>>>>>>>>>>>>>>>>>>>>>>>>>>>>>>>>>>>
26/03/2020 13:59:18 PM => Application on which executed : YBL
26/03/2020 13:59:18 PM => Type of testing : REGRESSION
26/03/2020 13:59:18 PM => Test environment on which application executed : 
26/03/2020 13:59:18 PM => URL : null
26/03/2020 13:59:18 PM => Driver Settings...>>>>>>>>>>>>>>>>>>>>>>>>>>>>>>>>>
26/03/2020 13:59:18 PM => STARTFROMHOMEPAGE <null> : NO
26/03/2020 13:59:18 PM => CLEARCOOKIEFOREACHTEST: NO
26/03/2020 13:59:18 PM => JAVASCRIPTTIMEOUT: 60
26/03/2020 13:59:18 PM => VERIFYJAVASCRIPTERRORS: YES
26/03/2020 13:59:18 PM => ALERTAUTOACCEPT: NO
26/03/2020 13:59:18 PM => Environment file location : C:\iprogrammerAutomation/Config/Env.xml
26/03/2020 13:59:18 PM => Executed on browser : null
26/03/2020 13:59:18 PM => Repository location : C:\iprogrammerAutomation/Repository/YBL_OR.xls
26/03/2020 13:59:18 PM => Suite file name and location : C:\iprogrammerAutomation/Suites/YBL_REGRESSION_Suite.xls
26/03/2020 13:59:18 PM => Test execution report file : C:\iprogrammerAutomation/Reports/26-03-2020_13-59-18-PM_REGRESSION/YBL_TA_Report_null_26-03-2020_13-59-18-PM.xls
26/03/2020 13:59:18 PM => Test execution log file : C:\iprogrammerAutomation/Log/Log_26-03-2020_13-59-18-PM.log
26/03/2020 13:59:18 PM => >>>>>>>>>>>>>>>>>>>>>>>>>>>>>>>>>>>>>>>>>>>>>>>>>>
26/03/2020 13:59:18 PM => TEMPLORARY CURRENT EXECUTION PARAMETERS:
26/03/2020 13:59:18 PM => Templorary folder path : C:\iprogrammerAutomation/Reports/26-03-2020_13-59-18-PM_REGRESSION/Temp/
26/03/2020 13:59:18 PM => Templorary TestSuite path : C:\iprogrammerAutomation/Suites/YBL_REGRESSION_Suite.xls
26/03/2020 13:59:18 PM => Templorary TestLog path : C:\iprogrammerAutomation/Reports/26-03-2020_13-59-18-PM_REGRESSION/Temp/TestExecutionLog.txt
26/03/2020 13:59:18 PM => Screen shot location for this execution : C:\iprogrammerAutomation/Reports/26-03-2020_13-59-18-PM_REGRESSION/Temp/
26/03/2020 13:59:18 PM => >>>>>>>>>>>>>>>>>>>>>>>>>>>>>>>>>>>>>>>>>>>>>>>>>>
26/03/2020 13:59:19 PM => Start Processing OR for YBL App...
26/03/2020 13:59:19 PM => Processing OR for YBL App has been completed in row : 60
26/03/2020 13:59:19 PM => Test Execution was started...
26/03/2020 13:59:19 PM => Start processing script file : ActivePlan&packsscreenPostpaid1
26/03/2020 13:59:19 PM => Processing to add Common Steps...
26/03/2020 13:59:19 PM => Process of add Common Steps - Completed
26/03/2020 13:59:19 PM => Launch Web Driver process...
26/03/2020 13:59:56 PM => Script path : C:\iprogrammerAutomation/Reports/26-03-2020_13-59-18-PM_REGRESSION/Temp/ActivePlan&packsscreenPostpaid1.xls
26/03/2020 13:59:56 PM => Step ID :--------- Step_R01
26/03/2020 14:00:11 PM => Element :AM_VerifyfodaApppresent - Pass
26/03/2020 14:00:11 PM => Step ID :--------- Step_R02
26/03/2020 14:00:20 PM => Enter text into :AM_EnterMSIDNo - Pass
26/03/2020 14:00:21 PM => Step ID :--------- Step_R03
26/03/2020 14:00:38 PM => Click on :AM_clickOnSendOTP - Pass
26/03/2020 14:00:38 PM => Step ID :--------- Step_R04
26/03/2020 14:00:39 PM => Click on :AM_typeOTP - Pass
26/03/2020 14:00:40 PM => Step ID :--------- Step_R05
26/03/2020 14:00:49 PM => Enter text into :AM_typeOTP - Pass
26/03/2020 14:00:49 PM => Step ID :--------- Step_R06
26/03/2020 14:00:50 PM => Click on :AM_SubmitButton - Pass
26/03/2020 14:00:51 PM => Step ID :--------- Step_R07
26/03/2020 14:01:21 PM => Wait for elementAM_Skipbutton with locator/hierarchy/android.widget.FrameLayout/android.widget.LinearLayout/android.widget.FrameLayout/android.widget.FrameLayout/android.widget.FrameLayout/android.widget.FrameLayout/android.webkit.WebView/android.webkit.WebView/android.view.View/android.view.View/android.view.View/android.view.View/android.view.View/android.view.View/android.view.View[2]/android.widget.Button present (TimeOut) - Fail
26/03/2020 14:01:21 PM => Click on :AM_Skipbutton - Fail
26/03/2020 14:01:24 PM => Close Webdriver Process - Completed
26/03/2020 14:01:24 PM => *******************************************************************
26/03/2020 14:01:24 PM => ***** Test script result :Fail*****
26/03/2020 14:01:24 PM => *** Test script Execution Time: 01:26.3 ***
26/03/2020 14:01:24 PM => *******************************************************************
26/03/2020 14:01:24 PM => Processing Suite file was completed in row:111
26/03/2020 14:01:24 PM => ==================================
26/03/2020 14:01:24 PM => Total Statistics: 
26/03/2020 14:01:24 PM => Total Tests Run : 1
26/03/2020 14:01:24 PM => Tests PASSED : 0
26/03/2020 14:01:24 PM => Tests FAILED : 1
26/03/2020 14:01:24 PM => JavaScript Errors : 0
26/03/2020 14:01:24 PM => ==================================
26/03/2020 14:01:24 PM => ***TEST RUN FAILED***
26/03/2020 14:01:24 PM => ***********Execution Completed Successfully**********
