17/03/2020 16:21:12 PM => Environment values............
17/03/2020 16:21:12 PM => >>>>>>>>>>>>>>>>>>>>>>>>>>>>>>>>>>>>>>>>>>>>>>>>>>
17/03/2020 16:21:12 PM => Application on which executed : YBL
17/03/2020 16:21:12 PM => Type of testing : REGRESSION
17/03/2020 16:21:12 PM => Test environment on which application executed : 
17/03/2020 16:21:12 PM => URL : null
17/03/2020 16:21:12 PM => Driver Settings...>>>>>>>>>>>>>>>>>>>>>>>>>>>>>>>>>
17/03/2020 16:21:12 PM => STARTFROMHOMEPAGE <null> : NO
17/03/2020 16:21:12 PM => CLEARCOOKIEFOREACHTEST: NO
17/03/2020 16:21:12 PM => JAVASCRIPTTIMEOUT: 60
17/03/2020 16:21:12 PM => VERIFYJAVASCRIPTERRORS: YES
17/03/2020 16:21:12 PM => ALERTAUTOACCEPT: NO
17/03/2020 16:21:12 PM => Environment file location : C:\iprogrammerAutomation/Config/Env.xml
17/03/2020 16:21:12 PM => Executed on browser : null
17/03/2020 16:21:12 PM => Repository location : C:\iprogrammerAutomation/Repository/YBL_OR.xls
17/03/2020 16:21:12 PM => Suite file name and location : C:\iprogrammerAutomation/Suites/YBL_REGRESSION_Suite.xls
17/03/2020 16:21:12 PM => Test execution report file : C:\iprogrammerAutomation/Reports/17-03-2020_16-21-12-PM_REGRESSION/YBL_TA_Report_null_17-03-2020_16-21-12-PM.xls
17/03/2020 16:21:12 PM => Test execution log file : C:\iprogrammerAutomation/Log/Log_17-03-2020_16-21-12-PM.log
17/03/2020 16:21:12 PM => >>>>>>>>>>>>>>>>>>>>>>>>>>>>>>>>>>>>>>>>>>>>>>>>>>
17/03/2020 16:21:12 PM => TEMPLORARY CURRENT EXECUTION PARAMETERS:
17/03/2020 16:21:12 PM => Templorary folder path : C:\iprogrammerAutomation/Reports/17-03-2020_16-21-12-PM_REGRESSION/Temp/
17/03/2020 16:21:12 PM => Templorary TestSuite path : C:\iprogrammerAutomation/Suites/YBL_REGRESSION_Suite.xls
17/03/2020 16:21:12 PM => Templorary TestLog path : C:\iprogrammerAutomation/Reports/17-03-2020_16-21-12-PM_REGRESSION/Temp/TestExecutionLog.txt
17/03/2020 16:21:12 PM => Screen shot location for this execution : C:\iprogrammerAutomation/Reports/17-03-2020_16-21-12-PM_REGRESSION/Temp/
17/03/2020 16:21:12 PM => >>>>>>>>>>>>>>>>>>>>>>>>>>>>>>>>>>>>>>>>>>>>>>>>>>
17/03/2020 16:21:12 PM => Environment values............
17/03/2020 16:21:12 PM => >>>>>>>>>>>>>>>>>>>>>>>>>>>>>>>>>>>>>>>>>>>>>>>>>>
17/03/2020 16:21:12 PM => Application on which executed : YBL
17/03/2020 16:21:12 PM => Type of testing : REGRESSION
17/03/2020 16:21:12 PM => Test environment on which application executed : 
17/03/2020 16:21:12 PM => URL : null
17/03/2020 16:21:12 PM => Driver Settings...>>>>>>>>>>>>>>>>>>>>>>>>>>>>>>>>>
17/03/2020 16:21:12 PM => STARTFROMHOMEPAGE <null> : NO
17/03/2020 16:21:12 PM => CLEARCOOKIEFOREACHTEST: NO
17/03/2020 16:21:12 PM => JAVASCRIPTTIMEOUT: 60
17/03/2020 16:21:12 PM => VERIFYJAVASCRIPTERRORS: YES
17/03/2020 16:21:12 PM => ALERTAUTOACCEPT: NO
17/03/2020 16:21:12 PM => Environment file location : C:\iprogrammerAutomation/Config/Env.xml
17/03/2020 16:21:12 PM => Executed on browser : null
17/03/2020 16:21:12 PM => Repository location : C:\iprogrammerAutomation/Repository/YBL_OR.xls
17/03/2020 16:21:12 PM => Suite file name and location : C:\iprogrammerAutomation/Suites/YBL_REGRESSION_Suite.xls
17/03/2020 16:21:12 PM => Test execution report file : C:\iprogrammerAutomation/Reports/17-03-2020_16-21-12-PM_REGRESSION/YBL_TA_Report_null_17-03-2020_16-21-12-PM.xls
17/03/2020 16:21:12 PM => Test execution log file : C:\iprogrammerAutomation/Log/Log_17-03-2020_16-21-12-PM.log
17/03/2020 16:21:12 PM => >>>>>>>>>>>>>>>>>>>>>>>>>>>>>>>>>>>>>>>>>>>>>>>>>>
17/03/2020 16:21:12 PM => TEMPLORARY CURRENT EXECUTION PARAMETERS:
17/03/2020 16:21:12 PM => Templorary folder path : C:\iprogrammerAutomation/Reports/17-03-2020_16-21-12-PM_REGRESSION/Temp/
17/03/2020 16:21:12 PM => Templorary TestSuite path : C:\iprogrammerAutomation/Suites/YBL_REGRESSION_Suite.xls
17/03/2020 16:21:12 PM => Templorary TestLog path : C:\iprogrammerAutomation/Reports/17-03-2020_16-21-12-PM_REGRESSION/Temp/TestExecutionLog.txt
17/03/2020 16:21:12 PM => Screen shot location for this execution : C:\iprogrammerAutomation/Reports/17-03-2020_16-21-12-PM_REGRESSION/Temp/
17/03/2020 16:21:12 PM => >>>>>>>>>>>>>>>>>>>>>>>>>>>>>>>>>>>>>>>>>>>>>>>>>>
17/03/2020 16:21:13 PM => Start Processing OR for YBL App...
17/03/2020 16:21:13 PM => Processing OR for YBL App has been completed in row : 52
17/03/2020 16:21:13 PM => Test Execution was started...
17/03/2020 16:21:13 PM => Start processing script file : OfferPrepaid1
17/03/2020 16:21:13 PM => Processing to add Common Steps...
17/03/2020 16:21:13 PM => Process of add Common Steps - Completed
17/03/2020 16:21:13 PM => Launch Web Driver process...
17/03/2020 16:22:01 PM => Script path : C:\iprogrammerAutomation/Reports/17-03-2020_16-21-12-PM_REGRESSION/Temp/OfferPrepaid1.xls
17/03/2020 16:22:01 PM => Step ID :--------- Step_R01
17/03/2020 16:22:07 PM => Element :AM_VerifyfodaApppresent - Pass
17/03/2020 16:22:07 PM => Step ID :--------- Step_R02
17/03/2020 16:22:07 PM => Element :AM_VerifyfodaApppresent - Pass
17/03/2020 16:22:08 PM => Step ID :--------- Step_R03
17/03/2020 16:22:16 PM => Enter text into :AM_EnterMSIDNo - Pass
17/03/2020 16:22:16 PM => Step ID :--------- Step_R04
17/03/2020 16:22:17 PM => Click on :AM_clickOnSendOTP - Pass
17/03/2020 16:22:17 PM => Step ID :--------- Step_R05
17/03/2020 16:22:48 PM => Wait for elementAM_typeOTP with locator/hierarchy/android.widget.FrameLayout/android.widget.LinearLayout/android.widget.FrameLayout/android.widget.FrameLayout/android.widget.FrameLayout/android.widget.FrameLayout/android.webkit.WebView/android.webkit.WebView/android.view.View/android.view.View/android.view.View/android.view.View/android.view.View/android.view.View/android.view.View[2]/android.view.View/android.view.View[1]/android.view.View[4]/android.widget.EditText present (TimeOut) - Fail
17/03/2020 16:22:48 PM => Enter text into :AM_typeOTP - Fail
17/03/2020 16:22:51 PM => Close Webdriver Process - Completed
17/03/2020 16:22:51 PM => *******************************************************************
17/03/2020 16:22:51 PM => ***** Test script result :Fail*****
17/03/2020 16:22:51 PM => *** Test script Execution Time: 00:48.0 ***
17/03/2020 16:22:51 PM => *******************************************************************
17/03/2020 16:22:51 PM => Start processing script file : OfferPrepaid2
17/03/2020 16:22:51 PM => Processing to add Common Steps...
17/03/2020 16:22:51 PM => Process of add Common Steps - Completed
17/03/2020 16:22:51 PM => Launch Web Driver process...
17/03/2020 16:23:33 PM => Script path : C:\iprogrammerAutomation/Reports/17-03-2020_16-21-12-PM_REGRESSION/Temp/OfferPrepaid2.xls
17/03/2020 16:23:33 PM => Step ID :--------- Step_R01
17/03/2020 16:23:39 PM => Element :AM_VerifyfodaApppresent - Pass
17/03/2020 16:23:39 PM => Step ID :--------- Step_R02
17/03/2020 16:23:40 PM => Element :AM_VerifyfodaApppresent - Pass
17/03/2020 16:23:40 PM => Step ID :--------- Step_R03
17/03/2020 16:23:48 PM => Enter text into :AM_EnterMSIDNo - Pass
17/03/2020 16:23:49 PM => Step ID :--------- Step_R04
17/03/2020 16:23:52 PM => Click on :AM_clickOnSendOTP - Pass
17/03/2020 16:23:52 PM => Step ID :--------- Step_R05
17/03/2020 16:24:10 PM => Enter text into :AM_typeOTP - Pass
17/03/2020 16:24:10 PM => Step ID :--------- Step_R06
17/03/2020 16:24:12 PM => Click on :AM_SubmitButton - Pass
17/03/2020 16:24:12 PM => Step ID :--------- Step_R07
17/03/2020 16:24:17 PM => Click on :AM_Skipbutton - Pass
17/03/2020 16:24:17 PM => Step ID :--------- Step_R08
17/03/2020 16:24:19 PM => Click on :AM_MyaccountHumber - Pass
17/03/2020 16:24:20 PM => Step ID :--------- Step_R09
17/03/2020 16:24:50 PM => Wait for elementAM_MyVouchers with locator//android.view.View[@text='My Vouchers All cashback vouchers in one place'] present (TimeOut) - Fail
17/03/2020 16:24:50 PM => Element :AM_MyVouchers not found - Fail
17/03/2020 16:24:53 PM => Close Webdriver Process - Completed
17/03/2020 16:24:53 PM => *******************************************************************
17/03/2020 16:24:53 PM => ***** Test script result :Fail*****
17/03/2020 16:24:53 PM => *** Test script Execution Time: 01:18.0 ***
17/03/2020 16:24:53 PM => *******************************************************************
17/03/2020 16:24:53 PM => Processing Suite file was completed in row:91
17/03/2020 16:24:53 PM => ==================================
17/03/2020 16:24:53 PM => Total Statistics: 
17/03/2020 16:24:53 PM => Total Tests Run : 2
17/03/2020 16:24:53 PM => Tests PASSED : 0
17/03/2020 16:24:53 PM => Tests FAILED : 2
17/03/2020 16:24:53 PM => JavaScript Errors : 0
17/03/2020 16:24:53 PM => ==================================
17/03/2020 16:24:53 PM => ***TEST RUN FAILED***
17/03/2020 16:24:53 PM => ***********Execution Completed Successfully**********
