16/03/2020 15:25:40 PM => Environment values............
16/03/2020 15:25:40 PM => >>>>>>>>>>>>>>>>>>>>>>>>>>>>>>>>>>>>>>>>>>>>>>>>>>
16/03/2020 15:25:40 PM => Application on which executed : YBL
16/03/2020 15:25:40 PM => Type of testing : REGRESSION
16/03/2020 15:25:40 PM => Test environment on which application executed : 
16/03/2020 15:25:40 PM => URL : null
16/03/2020 15:25:40 PM => Driver Settings...>>>>>>>>>>>>>>>>>>>>>>>>>>>>>>>>>
16/03/2020 15:25:40 PM => STARTFROMHOMEPAGE <null> : NO
16/03/2020 15:25:40 PM => CLEARCOOKIEFOREACHTEST: NO
16/03/2020 15:25:40 PM => JAVASCRIPTTIMEOUT: 60
16/03/2020 15:25:40 PM => VERIFYJAVASCRIPTERRORS: YES
16/03/2020 15:25:40 PM => ALERTAUTOACCEPT: NO
16/03/2020 15:25:40 PM => Environment file location : C:\iprogrammerAutomation/Config/Env.xml
16/03/2020 15:25:40 PM => Executed on browser : null
16/03/2020 15:25:40 PM => Repository location : C:\iprogrammerAutomation/Repository/YBL_OR.xls
16/03/2020 15:25:40 PM => Suite file name and location : C:\iprogrammerAutomation/Suites/YBL_REGRESSION_Suite.xls
16/03/2020 15:25:40 PM => Test execution report file : C:\iprogrammerAutomation/Reports/16-03-2020_15-25-40-PM_REGRESSION/YBL_TA_Report_null_16-03-2020_15-25-40-PM.xls
16/03/2020 15:25:40 PM => Test execution log file : C:\iprogrammerAutomation/Log/Log_16-03-2020_15-25-40-PM.log
16/03/2020 15:25:40 PM => >>>>>>>>>>>>>>>>>>>>>>>>>>>>>>>>>>>>>>>>>>>>>>>>>>
16/03/2020 15:25:40 PM => TEMPLORARY CURRENT EXECUTION PARAMETERS:
16/03/2020 15:25:40 PM => Templorary folder path : C:\iprogrammerAutomation/Reports/16-03-2020_15-25-40-PM_REGRESSION/Temp/
16/03/2020 15:25:40 PM => Templorary TestSuite path : C:\iprogrammerAutomation/Suites/YBL_REGRESSION_Suite.xls
16/03/2020 15:25:40 PM => Templorary TestLog path : C:\iprogrammerAutomation/Reports/16-03-2020_15-25-40-PM_REGRESSION/Temp/TestExecutionLog.txt
16/03/2020 15:25:40 PM => Screen shot location for this execution : C:\iprogrammerAutomation/Reports/16-03-2020_15-25-40-PM_REGRESSION/Temp/
16/03/2020 15:25:40 PM => >>>>>>>>>>>>>>>>>>>>>>>>>>>>>>>>>>>>>>>>>>>>>>>>>>
16/03/2020 15:25:40 PM => Start Processing OR for YBL App...
16/03/2020 15:25:40 PM => Processing OR for YBL App has been completed in row : 48
16/03/2020 15:25:40 PM => Test Execution was started...
16/03/2020 15:25:40 PM => Start processing script file : BillPayandPaymentPostpaid1
16/03/2020 15:25:40 PM => Processing to add Common Steps...
16/03/2020 15:25:40 PM => Process of add Common Steps - Completed
16/03/2020 15:25:40 PM => Launch Web Driver process...
16/03/2020 15:26:26 PM => Script path : C:\iprogrammerAutomation/Reports/16-03-2020_15-25-40-PM_REGRESSION/Temp/BillPayandPaymentPostpaid1.xls
16/03/2020 15:26:26 PM => Step ID :--------- Step_R01
16/03/2020 15:26:36 PM => Element :AM_VerifyfodaApppresent - Pass
16/03/2020 15:26:36 PM => Step ID :--------- Step_R02
16/03/2020 15:26:44 PM => Exception from KeyAction (WebDriverException)
16/03/2020 15:26:44 PM => Reason: The element 'By.xpath: //android.widget.EditText[@index='0']' does not exist in DOM anymore
For documentation on this error, please visit: https://www.seleniumhq.org/exceptions/stale_element_reference.html
Build info: version: '3.141.59', revision: 'e82be7d358', time: '2018-11-14T08:25:53'
System info: host: 'DESKTOP-7H6C2GA', ip: '9.199.44.79', os.name: 'Windows 10', os.arch: 'amd64', os.version: '10.0', java.version: '1.8.0_162'
Driver info: io.appium.java_client.AppiumDriver
Capabilities {app: C:\Users\AjitKumarThakur\vo..., appPackage: com.mventus.selfcare.activity, appWaitActivity: com.mventus.selfcare.activi..., appWaitDuration: 15000, automationName: UiAutomator2, browserName: , databaseEnabled: false, desired: {app: C:\Users\AjitKumarThakur\vo..., appWaitActivity: com.mventus.selfcare.activi..., appWaitDuration: 15000, automationName: UiAutomator2, browserName: , deviceName: b28e6aea, newCommandTimeout: 520, noReset: true, platformName: android, platformVersion: 9}, deviceApiLevel: 28, deviceManufacturer: Xiaomi, deviceModel: Redmi Note 7 Pro, deviceName: b28e6aea, deviceScreenDensity: 440, deviceScreenSize: 1080x2340, deviceUDID: b28e6aea, javascriptEnabled: true, locationContextEnabled: false, networkConnectionEnabled: true, newCommandTimeout: 520, noReset: true, pixelRatio: 2.75, platform: LINUX, platformName: Android, platformVersion: 9, statBarHeight: 80, takesScreenshot: true, viewportRect: {height: 2051, left: 0, top: 80, width: 1080}, warnings: {}, webStorageEnabled: false}
Session ID: 1b1eda94-6c08-41f3-bbfc-619d97f96057
16/03/2020 15:26:44 PM => Details: org.openqa.selenium.StaleElementReferenceException: The element 'By.xpath: //android.widget.EditText[@index='0']' does not exist in DOM anymore
For documentation on this error, please visit: https://www.seleniumhq.org/exceptions/stale_element_reference.html
Build info: version: '3.141.59', revision: 'e82be7d358', time: '2018-11-14T08:25:53'
System info: host: 'DESKTOP-7H6C2GA', ip: '9.199.44.79', os.name: 'Windows 10', os.arch: 'amd64', os.version: '10.0', java.version: '1.8.0_162'
Driver info: io.appium.java_client.AppiumDriver
Capabilities {app: C:\Users\AjitKumarThakur\vo..., appPackage: com.mventus.selfcare.activity, appWaitActivity: com.mventus.selfcare.activi..., appWaitDuration: 15000, automationName: UiAutomator2, browserName: , databaseEnabled: false, desired: {app: C:\Users\AjitKumarThakur\vo..., appWaitActivity: com.mventus.selfcare.activi..., appWaitDuration: 15000, automationName: UiAutomator2, browserName: , deviceName: b28e6aea, newCommandTimeout: 520, noReset: true, platformName: android, platformVersion: 9}, deviceApiLevel: 28, deviceManufacturer: Xiaomi, deviceModel: Redmi Note 7 Pro, deviceName: b28e6aea, deviceScreenDensity: 440, deviceScreenSize: 1080x2340, deviceUDID: b28e6aea, javascriptEnabled: true, locationContextEnabled: false, networkConnectionEnabled: true, newCommandTimeout: 520, noReset: true, pixelRatio: 2.75, platform: LINUX, platformName: Android, platformVersion: 9, statBarHeight: 80, takesScreenshot: true, viewportRect: {height: 2051, left: 0, top: 80, width: 1080}, warnings: {}, webStorageEnabled: false}
Session ID: 1b1eda94-6c08-41f3-bbfc-619d97f96057
16/03/2020 15:26:46 PM => Close Webdriver Process - Completed
16/03/2020 15:26:46 PM => *******************************************************************
16/03/2020 15:26:46 PM => ***** Test script result :Fail*****
16/03/2020 15:26:46 PM => *** Test script Execution Time: 00:19.1 ***
16/03/2020 15:26:46 PM => *******************************************************************
16/03/2020 15:26:46 PM => Processing Suite file was completed in row:4
16/03/2020 15:26:46 PM => ==================================
16/03/2020 15:26:46 PM => Total Statistics: 
16/03/2020 15:26:46 PM => Total Tests Run : 1
16/03/2020 15:26:46 PM => Tests PASSED : 0
16/03/2020 15:26:46 PM => Tests FAILED : 1
16/03/2020 15:26:46 PM => JavaScript Errors : 0
16/03/2020 15:26:46 PM => ==================================
16/03/2020 15:26:46 PM => ***TEST RUN FAILED***
16/03/2020 15:26:46 PM => ***********Execution Completed Successfully**********
