16/03/2020 15:14:56 PM => Environment values............
16/03/2020 15:14:56 PM => >>>>>>>>>>>>>>>>>>>>>>>>>>>>>>>>>>>>>>>>>>>>>>>>>>
16/03/2020 15:14:56 PM => Application on which executed : YBL
16/03/2020 15:14:56 PM => Type of testing : REGRESSION
16/03/2020 15:14:56 PM => Test environment on which application executed : 
16/03/2020 15:14:56 PM => URL : null
16/03/2020 15:14:56 PM => Driver Settings...>>>>>>>>>>>>>>>>>>>>>>>>>>>>>>>>>
16/03/2020 15:14:56 PM => STARTFROMHOMEPAGE <null> : NO
16/03/2020 15:14:56 PM => CLEARCOOKIEFOREACHTEST: NO
16/03/2020 15:14:56 PM => JAVASCRIPTTIMEOUT: 60
16/03/2020 15:14:56 PM => VERIFYJAVASCRIPTERRORS: YES
16/03/2020 15:14:56 PM => ALERTAUTOACCEPT: NO
16/03/2020 15:14:56 PM => Environment file location : C:\iprogrammerAutomation/Config/Env.xml
16/03/2020 15:14:56 PM => Executed on browser : null
16/03/2020 15:14:56 PM => Repository location : C:\iprogrammerAutomation/Repository/YBL_OR.xls
16/03/2020 15:14:56 PM => Suite file name and location : C:\iprogrammerAutomation/Suites/YBL_REGRESSION_Suite.xls
16/03/2020 15:14:56 PM => Test execution report file : C:\iprogrammerAutomation/Reports/16-03-2020_15-14-56-PM_REGRESSION/YBL_TA_Report_null_16-03-2020_15-14-56-PM.xls
16/03/2020 15:14:56 PM => Test execution log file : C:\iprogrammerAutomation/Log/Log_16-03-2020_15-14-56-PM.log
16/03/2020 15:14:56 PM => >>>>>>>>>>>>>>>>>>>>>>>>>>>>>>>>>>>>>>>>>>>>>>>>>>
16/03/2020 15:14:56 PM => TEMPLORARY CURRENT EXECUTION PARAMETERS:
16/03/2020 15:14:56 PM => Templorary folder path : C:\iprogrammerAutomation/Reports/16-03-2020_15-14-56-PM_REGRESSION/Temp/
16/03/2020 15:14:56 PM => Templorary TestSuite path : C:\iprogrammerAutomation/Suites/YBL_REGRESSION_Suite.xls
16/03/2020 15:14:56 PM => Templorary TestLog path : C:\iprogrammerAutomation/Reports/16-03-2020_15-14-56-PM_REGRESSION/Temp/TestExecutionLog.txt
16/03/2020 15:14:56 PM => Screen shot location for this execution : C:\iprogrammerAutomation/Reports/16-03-2020_15-14-56-PM_REGRESSION/Temp/
16/03/2020 15:14:56 PM => >>>>>>>>>>>>>>>>>>>>>>>>>>>>>>>>>>>>>>>>>>>>>>>>>>
16/03/2020 15:14:56 PM => Start Processing OR for YBL App...
16/03/2020 15:14:56 PM => Processing OR for YBL App has been completed in row : 48
16/03/2020 15:14:56 PM => Test Execution was started...
16/03/2020 15:14:56 PM => Start processing script file : BillPayandPaymentPostpaid1
16/03/2020 15:14:56 PM => Processing to add Common Steps...
16/03/2020 15:14:56 PM => Process of add Common Steps - Completed
16/03/2020 15:14:56 PM => Launch Web Driver process...
16/03/2020 15:15:31 PM => Script path : C:\iprogrammerAutomation/Reports/16-03-2020_15-14-56-PM_REGRESSION/Temp/BillPayandPaymentPostpaid1.xls
16/03/2020 15:15:31 PM => Step ID :--------- Step_R01
16/03/2020 15:15:37 PM => Element :AM_VerifyfodaApppresent - Pass
16/03/2020 15:15:37 PM => Step ID :--------- Step_R02
16/03/2020 15:15:46 PM => Enter text into :AM_EnterMSIDNo - Pass
16/03/2020 15:15:46 PM => Step ID :--------- Step_R03
16/03/2020 15:15:47 PM => Click on :AM_clickOnSendOTP - Pass
16/03/2020 15:15:47 PM => Step ID :--------- Step_R04
16/03/2020 15:16:18 PM => Wait for elementAM_typeOTP with locator/hierarchy/android.widget.FrameLayout/android.widget.LinearLayout/android.widget.FrameLayout/android.widget.FrameLayout/android.widget.FrameLayout/android.widget.FrameLayout/android.webkit.WebView/android.webkit.WebView/android.view.View/android.view.View/android.view.View/android.view.View/android.view.View/android.view.View/android.view.View[2]/android.view.View/android.view.View[1]/android.view.View[4]/android.widget.EditText present (TimeOut) - Fail
16/03/2020 15:16:18 PM => Enter text into :AM_typeOTP - Fail
16/03/2020 15:16:20 PM => Close Webdriver Process - Completed
16/03/2020 15:16:20 PM => *******************************************************************
16/03/2020 15:16:20 PM => ***** Test script result :Fail*****
16/03/2020 15:16:20 PM => *** Test script Execution Time: 00:48.3 ***
16/03/2020 15:16:20 PM => *******************************************************************
16/03/2020 15:16:20 PM => Processing Suite file was completed in row:4
16/03/2020 15:16:20 PM => ==================================
16/03/2020 15:16:20 PM => Total Statistics: 
16/03/2020 15:16:20 PM => Total Tests Run : 1
16/03/2020 15:16:20 PM => Tests PASSED : 0
16/03/2020 15:16:20 PM => Tests FAILED : 1
16/03/2020 15:16:20 PM => JavaScript Errors : 0
16/03/2020 15:16:20 PM => ==================================
16/03/2020 15:16:20 PM => ***TEST RUN FAILED***
16/03/2020 15:16:20 PM => ***********Execution Completed Successfully**********
