17/03/2020 16:17:47 PM => Environment values............
17/03/2020 16:17:47 PM => >>>>>>>>>>>>>>>>>>>>>>>>>>>>>>>>>>>>>>>>>>>>>>>>>>
17/03/2020 16:17:47 PM => Application on which executed : YBL
17/03/2020 16:17:47 PM => Type of testing : REGRESSION
17/03/2020 16:17:47 PM => Test environment on which application executed : 
17/03/2020 16:17:47 PM => URL : null
17/03/2020 16:17:47 PM => Driver Settings...>>>>>>>>>>>>>>>>>>>>>>>>>>>>>>>>>
17/03/2020 16:17:47 PM => STARTFROMHOMEPAGE <null> : NO
17/03/2020 16:17:47 PM => CLEARCOOKIEFOREACHTEST: NO
17/03/2020 16:17:47 PM => JAVASCRIPTTIMEOUT: 60
17/03/2020 16:17:47 PM => VERIFYJAVASCRIPTERRORS: YES
17/03/2020 16:17:47 PM => ALERTAUTOACCEPT: NO
17/03/2020 16:17:47 PM => Environment file location : C:\iprogrammerAutomation/Config/Env.xml
17/03/2020 16:17:47 PM => Executed on browser : null
17/03/2020 16:17:47 PM => Repository location : C:\iprogrammerAutomation/Repository/YBL_OR.xls
17/03/2020 16:17:47 PM => Suite file name and location : C:\iprogrammerAutomation/Suites/YBL_REGRESSION_Suite.xls
17/03/2020 16:17:47 PM => Test execution report file : C:\iprogrammerAutomation/Reports/17-03-2020_16-17-47-PM_REGRESSION/YBL_TA_Report_null_17-03-2020_16-17-47-PM.xls
17/03/2020 16:17:47 PM => Test execution log file : C:\iprogrammerAutomation/Log/Log_17-03-2020_16-17-47-PM.log
17/03/2020 16:17:47 PM => >>>>>>>>>>>>>>>>>>>>>>>>>>>>>>>>>>>>>>>>>>>>>>>>>>
17/03/2020 16:17:47 PM => TEMPLORARY CURRENT EXECUTION PARAMETERS:
17/03/2020 16:17:47 PM => Templorary folder path : C:\iprogrammerAutomation/Reports/17-03-2020_16-17-47-PM_REGRESSION/Temp/
17/03/2020 16:17:47 PM => Templorary TestSuite path : C:\iprogrammerAutomation/Suites/YBL_REGRESSION_Suite.xls
17/03/2020 16:17:47 PM => Templorary TestLog path : C:\iprogrammerAutomation/Reports/17-03-2020_16-17-47-PM_REGRESSION/Temp/TestExecutionLog.txt
17/03/2020 16:17:47 PM => Screen shot location for this execution : C:\iprogrammerAutomation/Reports/17-03-2020_16-17-47-PM_REGRESSION/Temp/
17/03/2020 16:17:47 PM => >>>>>>>>>>>>>>>>>>>>>>>>>>>>>>>>>>>>>>>>>>>>>>>>>>
17/03/2020 16:17:47 PM => Start Processing OR for YBL App...
17/03/2020 16:17:47 PM => Processing OR for YBL App has been completed in row : 52
17/03/2020 16:17:47 PM => Test Execution was started...
17/03/2020 16:17:47 PM => Start processing script file : OfferPrepaid1
17/03/2020 16:17:47 PM => Processing to add Common Steps...
17/03/2020 16:17:47 PM => Process of add Common Steps - Completed
17/03/2020 16:17:47 PM => Launch Web Driver process...
17/03/2020 16:18:36 PM => Script path : C:\iprogrammerAutomation/Reports/17-03-2020_16-17-47-PM_REGRESSION/Temp/OfferPrepaid1.xls
17/03/2020 16:18:36 PM => Step ID :--------- Step_R01
17/03/2020 16:18:42 PM => Element :AM_VerifyfodaApppresent - Pass
17/03/2020 16:18:42 PM => Step ID :--------- Step_R02
17/03/2020 16:18:42 PM => Element :AM_VerifyfodaApppresent - Pass
17/03/2020 16:18:43 PM => Step ID :--------- Step_R03
17/03/2020 16:18:51 PM => Enter text into :AM_EnterMSIDNo - Pass
17/03/2020 16:18:52 PM => Step ID :--------- Step_R04
17/03/2020 16:18:53 PM => Click on :AM_clickOnSendOTP - Pass
17/03/2020 16:18:53 PM => Step ID :--------- Step_R05
17/03/2020 16:19:24 PM => Wait for elementAM_typeOTP with locator/hierarchy/android.widget.FrameLayout/android.widget.LinearLayout/android.widget.FrameLayout/android.widget.FrameLayout/android.widget.FrameLayout/android.widget.FrameLayout/android.webkit.WebView/android.webkit.WebView/android.view.View/android.view.View/android.view.View/android.view.View/android.view.View/android.view.View/android.view.View[2]/android.view.View/android.view.View[1]/android.view.View[4]/android.widget.EditText present (TimeOut) - Fail
17/03/2020 16:19:24 PM => Enter text into :AM_typeOTP - Fail
17/03/2020 16:19:26 PM => Close Webdriver Process - Completed
17/03/2020 16:19:26 PM => *******************************************************************
17/03/2020 16:19:26 PM => ***** Test script result :Fail*****
17/03/2020 16:19:26 PM => *** Test script Execution Time: 00:48.6 ***
17/03/2020 16:19:26 PM => *******************************************************************
17/03/2020 16:19:26 PM => Start processing script file : OfferPrepaid2
17/03/2020 16:19:26 PM => Processing to add Common Steps...
17/03/2020 16:19:26 PM => Process of add Common Steps - Completed
17/03/2020 16:19:26 PM => Launch Web Driver process...
17/03/2020 16:20:10 PM => Script path : C:\iprogrammerAutomation/Reports/17-03-2020_16-17-47-PM_REGRESSION/Temp/OfferPrepaid2.xls
17/03/2020 16:20:10 PM => Step ID :--------- Step_R01
17/03/2020 16:20:16 PM => Element :AM_VerifyfodaApppresent - Pass
17/03/2020 16:20:16 PM => Step ID :--------- Step_R02
17/03/2020 16:20:16 PM => Element :AM_VerifyfodaApppresent - Pass
17/03/2020 16:20:17 PM => Step ID :--------- Step_R03
17/03/2020 16:20:26 PM => Enter text into :AM_EnterMSIDNo - Pass
17/03/2020 16:20:26 PM => Step ID :--------- Step_R04
17/03/2020 16:20:27 PM => Click on :AM_clickOnSendOTP - Pass
17/03/2020 16:20:28 PM => Step ID :--------- Step_R05
17/03/2020 16:20:58 PM => Wait for elementAM_typeOTP with locator/hierarchy/android.widget.FrameLayout/android.widget.LinearLayout/android.widget.FrameLayout/android.widget.FrameLayout/android.widget.FrameLayout/android.widget.FrameLayout/android.webkit.WebView/android.webkit.WebView/android.view.View/android.view.View/android.view.View/android.view.View/android.view.View/android.view.View/android.view.View[2]/android.view.View/android.view.View[1]/android.view.View[4]/android.widget.EditText present (TimeOut) - Fail
17/03/2020 16:20:58 PM => Enter text into :AM_typeOTP - Fail
17/03/2020 16:21:01 PM => Close Webdriver Process - Completed
17/03/2020 16:21:01 PM => *******************************************************************
17/03/2020 16:21:01 PM => ***** Test script result :Fail*****
17/03/2020 16:21:01 PM => *** Test script Execution Time: 00:49.7 ***
17/03/2020 16:21:01 PM => *******************************************************************
17/03/2020 16:21:01 PM => Processing Suite file was completed in row:91
17/03/2020 16:21:01 PM => ==================================
17/03/2020 16:21:01 PM => Total Statistics: 
17/03/2020 16:21:01 PM => Total Tests Run : 2
17/03/2020 16:21:01 PM => Tests PASSED : 0
17/03/2020 16:21:01 PM => Tests FAILED : 2
17/03/2020 16:21:01 PM => JavaScript Errors : 0
17/03/2020 16:21:01 PM => ==================================
17/03/2020 16:21:01 PM => ***TEST RUN FAILED***
17/03/2020 16:21:01 PM => ***********Execution Completed Successfully**********
