17/03/2020 15:41:19 PM => Environment values............
17/03/2020 15:41:19 PM => >>>>>>>>>>>>>>>>>>>>>>>>>>>>>>>>>>>>>>>>>>>>>>>>>>
17/03/2020 15:41:19 PM => Application on which executed : YBL
17/03/2020 15:41:19 PM => Type of testing : REGRESSION
17/03/2020 15:41:19 PM => Test environment on which application executed : 
17/03/2020 15:41:19 PM => URL : null
17/03/2020 15:41:19 PM => Driver Settings...>>>>>>>>>>>>>>>>>>>>>>>>>>>>>>>>>
17/03/2020 15:41:19 PM => STARTFROMHOMEPAGE <null> : NO
17/03/2020 15:41:19 PM => CLEARCOOKIEFOREACHTEST: NO
17/03/2020 15:41:19 PM => JAVASCRIPTTIMEOUT: 60
17/03/2020 15:41:19 PM => VERIFYJAVASCRIPTERRORS: YES
17/03/2020 15:41:19 PM => ALERTAUTOACCEPT: NO
17/03/2020 15:41:19 PM => Environment file location : C:\iprogrammerAutomation/Config/Env.xml
17/03/2020 15:41:19 PM => Executed on browser : null
17/03/2020 15:41:19 PM => Repository location : C:\iprogrammerAutomation/Repository/YBL_OR.xls
17/03/2020 15:41:19 PM => Suite file name and location : C:\iprogrammerAutomation/Suites/YBL_REGRESSION_Suite.xls
17/03/2020 15:41:19 PM => Test execution report file : C:\iprogrammerAutomation/Reports/17-03-2020_15-41-19-PM_REGRESSION/YBL_TA_Report_null_17-03-2020_15-41-19-PM.xls
17/03/2020 15:41:19 PM => Test execution log file : C:\iprogrammerAutomation/Log/Log_17-03-2020_15-41-19-PM.log
17/03/2020 15:41:19 PM => >>>>>>>>>>>>>>>>>>>>>>>>>>>>>>>>>>>>>>>>>>>>>>>>>>
17/03/2020 15:41:19 PM => TEMPLORARY CURRENT EXECUTION PARAMETERS:
17/03/2020 15:41:19 PM => Templorary folder path : C:\iprogrammerAutomation/Reports/17-03-2020_15-41-19-PM_REGRESSION/Temp/
17/03/2020 15:41:19 PM => Templorary TestSuite path : C:\iprogrammerAutomation/Suites/YBL_REGRESSION_Suite.xls
17/03/2020 15:41:19 PM => Templorary TestLog path : C:\iprogrammerAutomation/Reports/17-03-2020_15-41-19-PM_REGRESSION/Temp/TestExecutionLog.txt
17/03/2020 15:41:19 PM => Screen shot location for this execution : C:\iprogrammerAutomation/Reports/17-03-2020_15-41-19-PM_REGRESSION/Temp/
17/03/2020 15:41:19 PM => >>>>>>>>>>>>>>>>>>>>>>>>>>>>>>>>>>>>>>>>>>>>>>>>>>
17/03/2020 15:41:19 PM => Environment values............
17/03/2020 15:41:19 PM => >>>>>>>>>>>>>>>>>>>>>>>>>>>>>>>>>>>>>>>>>>>>>>>>>>
17/03/2020 15:41:19 PM => Application on which executed : YBL
17/03/2020 15:41:19 PM => Type of testing : REGRESSION
17/03/2020 15:41:19 PM => Test environment on which application executed : 
17/03/2020 15:41:19 PM => URL : null
17/03/2020 15:41:19 PM => Driver Settings...>>>>>>>>>>>>>>>>>>>>>>>>>>>>>>>>>
17/03/2020 15:41:19 PM => STARTFROMHOMEPAGE <null> : NO
17/03/2020 15:41:19 PM => CLEARCOOKIEFOREACHTEST: NO
17/03/2020 15:41:19 PM => JAVASCRIPTTIMEOUT: 60
17/03/2020 15:41:19 PM => VERIFYJAVASCRIPTERRORS: YES
17/03/2020 15:41:19 PM => ALERTAUTOACCEPT: NO
17/03/2020 15:41:19 PM => Environment file location : C:\iprogrammerAutomation/Config/Env.xml
17/03/2020 15:41:19 PM => Executed on browser : null
17/03/2020 15:41:19 PM => Repository location : C:\iprogrammerAutomation/Repository/YBL_OR.xls
17/03/2020 15:41:19 PM => Suite file name and location : C:\iprogrammerAutomation/Suites/YBL_REGRESSION_Suite.xls
17/03/2020 15:41:19 PM => Test execution report file : C:\iprogrammerAutomation/Reports/17-03-2020_15-41-19-PM_REGRESSION/YBL_TA_Report_null_17-03-2020_15-41-19-PM.xls
17/03/2020 15:41:19 PM => Test execution log file : C:\iprogrammerAutomation/Log/Log_17-03-2020_15-41-19-PM.log
17/03/2020 15:41:19 PM => >>>>>>>>>>>>>>>>>>>>>>>>>>>>>>>>>>>>>>>>>>>>>>>>>>
17/03/2020 15:41:19 PM => TEMPLORARY CURRENT EXECUTION PARAMETERS:
17/03/2020 15:41:19 PM => Templorary folder path : C:\iprogrammerAutomation/Reports/17-03-2020_15-41-19-PM_REGRESSION/Temp/
17/03/2020 15:41:19 PM => Templorary TestSuite path : C:\iprogrammerAutomation/Suites/YBL_REGRESSION_Suite.xls
17/03/2020 15:41:19 PM => Templorary TestLog path : C:\iprogrammerAutomation/Reports/17-03-2020_15-41-19-PM_REGRESSION/Temp/TestExecutionLog.txt
17/03/2020 15:41:19 PM => Screen shot location for this execution : C:\iprogrammerAutomation/Reports/17-03-2020_15-41-19-PM_REGRESSION/Temp/
17/03/2020 15:41:19 PM => >>>>>>>>>>>>>>>>>>>>>>>>>>>>>>>>>>>>>>>>>>>>>>>>>>
17/03/2020 15:41:20 PM => Start Processing OR for YBL App...
17/03/2020 15:41:20 PM => Processing OR for YBL App has been completed in row : 50
17/03/2020 15:41:20 PM => Test Execution was started...
17/03/2020 15:41:20 PM => Start processing script file : OfferPrepaid1
17/03/2020 15:41:20 PM => Processing to add Common Steps...
17/03/2020 15:41:20 PM => Process of add Common Steps - Completed
17/03/2020 15:41:20 PM => Launch Web Driver process...
17/03/2020 15:41:52 PM => Script path : C:\iprogrammerAutomation/Reports/17-03-2020_15-41-19-PM_REGRESSION/Temp/OfferPrepaid1.xls
17/03/2020 15:41:52 PM => Step ID :--------- Step_R01
17/03/2020 15:41:59 PM => Element :AM_VerifyfodaApppresent - Pass
17/03/2020 15:42:00 PM => Step ID :--------- Step_R02
17/03/2020 15:42:00 PM => Element :AM_VerifyfodaApppresent - Pass
17/03/2020 15:42:00 PM => Step ID :--------- Step_R03
17/03/2020 15:42:09 PM => Enter text into :AM_EnterMSIDNo - Pass
17/03/2020 15:42:09 PM => Step ID :--------- Step_R04
17/03/2020 15:42:10 PM => Click on :AM_clickOnSendOTP - Pass
17/03/2020 15:42:11 PM => Step ID :--------- Step_R05
17/03/2020 15:42:22 PM => Enter text into :AM_typeOTP - Pass
17/03/2020 15:42:22 PM => Step ID :--------- Step_R06
17/03/2020 15:42:23 PM => Click on :AM_SubmitButton - Pass
17/03/2020 15:42:24 PM => Step ID :--------- Step_R07
17/03/2020 15:42:27 PM => Click on :AM_Skipbutton - Pass
17/03/2020 15:42:27 PM => Step ID :--------- Step_R08
17/03/2020 15:42:33 PM => Element :AM_VoVPayapresent - Pass
17/03/2020 15:42:33 PM => Step ID :--------- Step_R09
17/03/2020 15:42:34 PM => Click on :AM_VoVPaya - Pass
17/03/2020 15:42:34 PM => Step ID :--------- Step_R10
17/03/2020 15:42:37 PM => Click on :AM_AgreeAndPay - Pass
17/03/2020 15:42:37 PM => Step ID :--------- Step_R11
17/03/2020 15:43:07 PM => FindById - Fail
17/03/2020 15:43:38 PM => FindByClassName - Fail
17/03/2020 15:43:38 PM => Wait for element with locatornull present (TimeOut) - Fail
17/03/2020 15:43:38 PM => Click on : - Fail
17/03/2020 15:43:40 PM => Close Webdriver Process - Completed
17/03/2020 15:43:40 PM => *******************************************************************
17/03/2020 15:43:40 PM => ***** Test script result :Fail*****
17/03/2020 15:43:40 PM => *** Test script Execution Time: 01:47.0 ***
17/03/2020 15:43:40 PM => *******************************************************************
17/03/2020 15:43:40 PM => Processing Suite file was completed in row:91
17/03/2020 15:43:40 PM => ==================================
17/03/2020 15:43:40 PM => Total Statistics: 
17/03/2020 15:43:40 PM => Total Tests Run : 1
17/03/2020 15:43:40 PM => Tests PASSED : 0
17/03/2020 15:43:40 PM => Tests FAILED : 1
17/03/2020 15:43:40 PM => JavaScript Errors : 0
17/03/2020 15:43:40 PM => ==================================
17/03/2020 15:43:40 PM => ***TEST RUN FAILED***
17/03/2020 15:43:40 PM => ***********Execution Completed Successfully**********
