08/04/2020 13:13:58 PM => Environment values............
08/04/2020 13:13:58 PM => >>>>>>>>>>>>>>>>>>>>>>>>>>>>>>>>>>>>>>>>>>>>>>>>>>
08/04/2020 13:13:58 PM => Application on which executed : YBL
08/04/2020 13:13:58 PM => Type of testing : REGRESSION
08/04/2020 13:13:58 PM => Test environment on which application executed : 
08/04/2020 13:13:58 PM => URL : null
08/04/2020 13:13:58 PM => Driver Settings...>>>>>>>>>>>>>>>>>>>>>>>>>>>>>>>>>
08/04/2020 13:13:58 PM => STARTFROMHOMEPAGE <null> : NO
08/04/2020 13:13:58 PM => CLEARCOOKIEFOREACHTEST: NO
08/04/2020 13:13:58 PM => JAVASCRIPTTIMEOUT: 60
08/04/2020 13:13:58 PM => VERIFYJAVASCRIPTERRORS: YES
08/04/2020 13:13:58 PM => ALERTAUTOACCEPT: NO
08/04/2020 13:13:58 PM => Environment file location : C:\iprogrammerAutomation/Config/Env.xml
08/04/2020 13:13:58 PM => Executed on browser : null
08/04/2020 13:13:58 PM => Repository location : C:\iprogrammerAutomation/Repository/YBL_OR.xls
08/04/2020 13:13:58 PM => Suite file name and location : C:\iprogrammerAutomation/Suites/YBL_REGRESSION_Suite.xls
08/04/2020 13:13:58 PM => Test execution report file : C:\iprogrammerAutomation/Reports/08-04-2020_13-13-58-PM_REGRESSION/YBL_TA_Report_null_08-04-2020_13-13-58-PM.xls
08/04/2020 13:13:58 PM => Test execution log file : C:\iprogrammerAutomation/Log/Log_08-04-2020_13-13-58-PM.log
08/04/2020 13:13:58 PM => >>>>>>>>>>>>>>>>>>>>>>>>>>>>>>>>>>>>>>>>>>>>>>>>>>
08/04/2020 13:13:58 PM => TEMPLORARY CURRENT EXECUTION PARAMETERS:
08/04/2020 13:13:58 PM => Templorary folder path : C:\iprogrammerAutomation/Reports/08-04-2020_13-13-58-PM_REGRESSION/Temp/
08/04/2020 13:13:58 PM => Templorary TestSuite path : C:\iprogrammerAutomation/Suites/YBL_REGRESSION_Suite.xls
08/04/2020 13:13:58 PM => Templorary TestLog path : C:\iprogrammerAutomation/Reports/08-04-2020_13-13-58-PM_REGRESSION/Temp/TestExecutionLog.txt
08/04/2020 13:13:58 PM => Screen shot location for this execution : C:\iprogrammerAutomation/Reports/08-04-2020_13-13-58-PM_REGRESSION/Temp/
08/04/2020 13:13:58 PM => >>>>>>>>>>>>>>>>>>>>>>>>>>>>>>>>>>>>>>>>>>>>>>>>>>
08/04/2020 13:13:58 PM => Start Processing OR for YBL App...
08/04/2020 13:13:58 PM => Processing OR for YBL App has been completed in row : 60
08/04/2020 13:13:58 PM => Test Execution was started...
08/04/2020 13:13:59 PM => Start processing script file : BillPayandPaymentPostpaid1
08/04/2020 13:13:59 PM => Processing to add Common Steps...
08/04/2020 13:13:59 PM => Process of add Common Steps - Completed
08/04/2020 13:13:59 PM => Launch Web Driver process...
08/04/2020 13:14:50 PM => Script path : C:\iprogrammerAutomation/Reports/08-04-2020_13-13-58-PM_REGRESSION/Temp/BillPayandPaymentPostpaid1.xls
08/04/2020 13:14:51 PM => Step ID :--------- Step_R01
08/04/2020 13:14:57 PM => Element :AM_VerifyfodaApppresent - Pass
08/04/2020 13:14:57 PM => Step ID :--------- Step_R02
08/04/2020 13:15:06 PM => Enter text into :AM_EnterMSIDNo - Pass
08/04/2020 13:15:06 PM => Step ID :--------- Step_R03
08/04/2020 13:15:07 PM => Click on :AM_clickOnSendOTP - Pass
08/04/2020 13:15:07 PM => Step ID :--------- Step_R04
08/04/2020 13:15:25 PM => Enter text into :AM_typeOTP - Pass
08/04/2020 13:15:26 PM => Step ID :--------- Step_R05
08/04/2020 13:15:27 PM => Click on :AM_SubmitButton - Pass
08/04/2020 13:15:27 PM => Step ID :--------- Step_R06
08/04/2020 13:15:58 PM => Wait for elementAM_Skipbutton with locator/hierarchy/android.widget.FrameLayout/android.widget.LinearLayout/android.widget.FrameLayout/android.widget.FrameLayout/android.widget.FrameLayout/android.widget.FrameLayout/android.webkit.WebView/android.webkit.WebView/android.view.View/android.view.View/android.view.View/android.view.View/android.view.View/android.view.View/android.view.View[2]/android.widget.Button present (TimeOut) - Fail
08/04/2020 13:15:58 PM => Click on :AM_Skipbutton - Fail
08/04/2020 13:16:01 PM => Close Webdriver Process - Completed
08/04/2020 13:16:01 PM => *******************************************************************
08/04/2020 13:16:01 PM => ***** Test script result :Fail*****
08/04/2020 13:16:01 PM => *** Test script Execution Time: 01:8.9 ***
08/04/2020 13:16:01 PM => *******************************************************************
08/04/2020 13:16:01 PM => Processing Suite file was completed in row:111
08/04/2020 13:16:01 PM => ==================================
08/04/2020 13:16:01 PM => Total Statistics: 
08/04/2020 13:16:01 PM => Total Tests Run : 1
08/04/2020 13:16:01 PM => Tests PASSED : 0
08/04/2020 13:16:01 PM => Tests FAILED : 1
08/04/2020 13:16:01 PM => JavaScript Errors : 0
08/04/2020 13:16:01 PM => ==================================
08/04/2020 13:16:01 PM => ***TEST RUN FAILED***
08/04/2020 13:16:01 PM => ***********Execution Completed Successfully**********
