26/03/2020 12:06:08 PM => Environment values............
26/03/2020 12:06:08 PM => >>>>>>>>>>>>>>>>>>>>>>>>>>>>>>>>>>>>>>>>>>>>>>>>>>
26/03/2020 12:06:08 PM => Application on which executed : YBL
26/03/2020 12:06:08 PM => Type of testing : REGRESSION
26/03/2020 12:06:08 PM => Test environment on which application executed : 
26/03/2020 12:06:08 PM => URL : null
26/03/2020 12:06:08 PM => Driver Settings...>>>>>>>>>>>>>>>>>>>>>>>>>>>>>>>>>
26/03/2020 12:06:08 PM => STARTFROMHOMEPAGE <null> : NO
26/03/2020 12:06:08 PM => CLEARCOOKIEFOREACHTEST: NO
26/03/2020 12:06:08 PM => JAVASCRIPTTIMEOUT: 60
26/03/2020 12:06:08 PM => VERIFYJAVASCRIPTERRORS: YES
26/03/2020 12:06:08 PM => ALERTAUTOACCEPT: NO
26/03/2020 12:06:08 PM => Environment file location : C:\iprogrammerAutomation/Config/Env.xml
26/03/2020 12:06:08 PM => Executed on browser : null
26/03/2020 12:06:08 PM => Repository location : C:\iprogrammerAutomation/Repository/YBL_OR.xls
26/03/2020 12:06:08 PM => Suite file name and location : C:\iprogrammerAutomation/Suites/YBL_REGRESSION_Suite.xls
26/03/2020 12:06:08 PM => Test execution report file : C:\iprogrammerAutomation/Reports/26-03-2020_12-06-08-PM_REGRESSION/YBL_TA_Report_null_26-03-2020_12-06-08-PM.xls
26/03/2020 12:06:08 PM => Test execution log file : C:\iprogrammerAutomation/Log/Log_26-03-2020_12-06-08-PM.log
26/03/2020 12:06:08 PM => >>>>>>>>>>>>>>>>>>>>>>>>>>>>>>>>>>>>>>>>>>>>>>>>>>
26/03/2020 12:06:08 PM => TEMPLORARY CURRENT EXECUTION PARAMETERS:
26/03/2020 12:06:08 PM => Templorary folder path : C:\iprogrammerAutomation/Reports/26-03-2020_12-06-08-PM_REGRESSION/Temp/
26/03/2020 12:06:08 PM => Templorary TestSuite path : C:\iprogrammerAutomation/Suites/YBL_REGRESSION_Suite.xls
26/03/2020 12:06:08 PM => Templorary TestLog path : C:\iprogrammerAutomation/Reports/26-03-2020_12-06-08-PM_REGRESSION/Temp/TestExecutionLog.txt
26/03/2020 12:06:08 PM => Screen shot location for this execution : C:\iprogrammerAutomation/Reports/26-03-2020_12-06-08-PM_REGRESSION/Temp/
26/03/2020 12:06:08 PM => >>>>>>>>>>>>>>>>>>>>>>>>>>>>>>>>>>>>>>>>>>>>>>>>>>
26/03/2020 12:06:08 PM => Start Processing OR for YBL App...
26/03/2020 12:06:08 PM => Processing OR for YBL App has been completed in row : 60
26/03/2020 12:06:08 PM => Test Execution was started...
26/03/2020 12:06:08 PM => Start processing script file : ActivePlan&packsscreenPostpaid1
26/03/2020 12:06:08 PM => Processing to add Common Steps...
26/03/2020 12:06:08 PM => Process of add Common Steps - Completed
26/03/2020 12:06:08 PM => Launch Web Driver process...
26/03/2020 12:06:54 PM => Script path : C:\iprogrammerAutomation/Reports/26-03-2020_12-06-08-PM_REGRESSION/Temp/ActivePlan&packsscreenPostpaid1.xls
26/03/2020 12:06:54 PM => Step ID :--------- Step_R01
26/03/2020 12:07:02 PM => Element :AM_VerifyfodaApppresent - Pass
26/03/2020 12:07:03 PM => Step ID :--------- Step_R02
26/03/2020 12:07:11 PM => Enter text into :AM_EnterMSIDNo - Pass
26/03/2020 12:07:11 PM => Step ID :--------- Step_R03
26/03/2020 12:07:12 PM => Click on :AM_clickOnSendOTP - Pass
26/03/2020 12:07:13 PM => Step ID :--------- Step_R04
26/03/2020 12:07:44 PM => Click on :AM_typeOTP - Pass
26/03/2020 12:07:45 PM => Step ID :--------- Step_R05
26/03/2020 12:08:15 PM => Wait for elementAM_typeOTP with locator/hierarchy/android.widget.FrameLayout/android.widget.LinearLayout/android.widget.FrameLayout/android.widget.FrameLayout/android.widget.FrameLayout/android.widget.FrameLayout/android.webkit.WebView/android.webkit.WebView/android.view.View/android.view.View/android.view.View/android.view.View/android.view.View/android.view.View/android.view.View[2]/android.view.View/android.view.View[1]/android.view.View[4]/android.widget.EditText present (TimeOut) - Fail
26/03/2020 12:08:15 PM => Enter text into :AM_typeOTP - Fail
26/03/2020 12:08:17 PM => Close Webdriver Process - Completed
26/03/2020 12:08:17 PM => *******************************************************************
26/03/2020 12:08:17 PM => ***** Test script result :Fail*****
26/03/2020 12:08:17 PM => *** Test script Execution Time: 01:22.5 ***
26/03/2020 12:08:17 PM => *******************************************************************
26/03/2020 12:08:17 PM => Start processing script file : ActivePlan&packsscreenPostpaid2
26/03/2020 12:08:17 PM => Processing to add Common Steps...
26/03/2020 12:08:18 PM => Process of add Common Steps - Completed
26/03/2020 12:08:18 PM => Launch Web Driver process...
26/03/2020 12:09:01 PM => Script path : C:\iprogrammerAutomation/Reports/26-03-2020_12-06-08-PM_REGRESSION/Temp/ActivePlan&packsscreenPostpaid2.xls
26/03/2020 12:09:01 PM => Step ID :--------- Step_R01
26/03/2020 12:09:18 PM => Element :AM_VerifyfodaApppresent - Pass
26/03/2020 12:09:18 PM => Step ID :--------- Step_R02
26/03/2020 12:09:26 PM => Enter text into :AM_EnterMSIDNo - Pass
26/03/2020 12:09:27 PM => Step ID :--------- Step_R03
26/03/2020 12:09:27 PM => Click on :AM_clickOnSendOTP - Pass
26/03/2020 12:09:28 PM => Step ID :--------- Step_R04
26/03/2020 12:09:59 PM => Wait for elementAM_typeOTP with locator/hierarchy/android.widget.FrameLayout/android.widget.LinearLayout/android.widget.FrameLayout/android.widget.FrameLayout/android.widget.FrameLayout/android.widget.FrameLayout/android.webkit.WebView/android.webkit.WebView/android.view.View/android.view.View/android.view.View/android.view.View/android.view.View/android.view.View/android.view.View[2]/android.view.View/android.view.View[1]/android.view.View[4]/android.widget.EditText present (TimeOut) - Fail
26/03/2020 12:09:59 PM => Enter text into :AM_typeOTP - Fail
26/03/2020 12:10:01 PM => Close Webdriver Process - Completed
26/03/2020 12:10:01 PM => *******************************************************************
26/03/2020 12:10:01 PM => ***** Test script result :Fail*****
26/03/2020 12:10:01 PM => *** Test script Execution Time: 00:58.4 ***
26/03/2020 12:10:01 PM => *******************************************************************
26/03/2020 12:10:01 PM => Start processing script file : ActivePlan&packsscreenPostpaid3
26/03/2020 12:10:01 PM => Processing to add Common Steps...
26/03/2020 12:10:01 PM => Process of add Common Steps - Completed
26/03/2020 12:10:01 PM => Launch Web Driver process...
26/03/2020 12:10:49 PM => Script path : C:\iprogrammerAutomation/Reports/26-03-2020_12-06-08-PM_REGRESSION/Temp/ActivePlan&packsscreenPostpaid3.xls
26/03/2020 12:10:49 PM => Step ID :--------- Step_R01
26/03/2020 12:10:56 PM => Element :AM_VerifyfodaApppresent - Pass
26/03/2020 12:10:56 PM => Step ID :--------- Step_R02
26/03/2020 12:11:05 PM => Enter text into :AM_EnterMSIDNo - Pass
26/03/2020 12:11:05 PM => Step ID :--------- Step_R03
26/03/2020 12:11:06 PM => Click on :AM_clickOnSendOTP - Pass
26/03/2020 12:11:07 PM => Step ID :--------- Step_R04
26/03/2020 12:11:37 PM => Wait for elementAM_typeOTP with locator/hierarchy/android.widget.FrameLayout/android.widget.LinearLayout/android.widget.FrameLayout/android.widget.FrameLayout/android.widget.FrameLayout/android.widget.FrameLayout/android.webkit.WebView/android.webkit.WebView/android.view.View/android.view.View/android.view.View/android.view.View/android.view.View/android.view.View/android.view.View[2]/android.view.View/android.view.View[1]/android.view.View[4]/android.widget.EditText present (TimeOut) - Fail
26/03/2020 12:11:37 PM => Enter text into :AM_typeOTP - Fail
26/03/2020 12:11:39 PM => Close Webdriver Process - Completed
26/03/2020 12:11:39 PM => *******************************************************************
26/03/2020 12:11:39 PM => ***** Test script result :Fail*****
26/03/2020 12:11:39 PM => *** Test script Execution Time: 00:49.4 ***
26/03/2020 12:11:39 PM => *******************************************************************
26/03/2020 12:11:39 PM => Processing Suite file was completed in row:111
26/03/2020 12:11:39 PM => ==================================
26/03/2020 12:11:39 PM => Total Statistics: 
26/03/2020 12:11:39 PM => Total Tests Run : 3
26/03/2020 12:11:39 PM => Tests PASSED : 0
26/03/2020 12:11:39 PM => Tests FAILED : 3
26/03/2020 12:11:39 PM => JavaScript Errors : 0
26/03/2020 12:11:39 PM => ==================================
26/03/2020 12:11:39 PM => ***TEST RUN FAILED***
26/03/2020 12:11:40 PM => ***********Execution Completed Successfully**********
